This is pdfTeX, Version 3.1415926-1.40.10 (TeX Live 2009/Debian) (format=latex 2011.11.21)  18 FEB 2012 21:56
entering extended mode
 %&-line parsing enabled.
**Proposal.tex
(./Proposal.tex
LaTeX2e <2009/09/24>
Babel <v3.8l> and hyphenation patterns for english, usenglishmax, dumylang, noh
yphenation, loaded.
(/usr/share/texmf-texlive/tex/latex/base/article.cls
Document Class: article 2007/10/19 v1.4h Standard LaTeX document class
(/usr/share/texmf-texlive/tex/latex/base/size12.clo
File: size12.clo 2007/10/19 v1.4h Standard LaTeX file (size option)
)
\c@part=\count79
\c@section=\count80
\c@subsection=\count81
\c@subsubsection=\count82
\c@paragraph=\count83
\c@subparagraph=\count84
\c@figure=\count85
\c@table=\count86
\abovecaptionskip=\skip41
\belowcaptionskip=\skip42
\bibindent=\dimen102
)
(/usr/share/texmf-texlive/tex/latex/graphics/epsfig.sty
Package: epsfig 1999/02/16 v1.7a (e)psfig emulation (SPQR)

(/usr/share/texmf-texlive/tex/latex/graphics/graphicx.sty
Package: graphicx 1999/02/16 v1.0f Enhanced LaTeX Graphics (DPC,SPQR)

(/usr/share/texmf-texlive/tex/latex/graphics/keyval.sty
Package: keyval 1999/03/16 v1.13 key=value parser (DPC)
\KV@toks@=\toks14
)
(/usr/share/texmf-texlive/tex/latex/graphics/graphics.sty
Package: graphics 2009/02/05 v1.0o Standard LaTeX Graphics (DPC,SPQR)

(/usr/share/texmf-texlive/tex/latex/graphics/trig.sty
Package: trig 1999/03/16 v1.09 sin cos tan (DPC)
)
(/etc/texmf/tex/latex/config/graphics.cfg
File: graphics.cfg 2009/08/28 v1.8 graphics configuration of TeX Live
)
Package graphics Info: Driver file: dvips.def on input line 91.

(/usr/share/texmf-texlive/tex/latex/graphics/dvips.def
File: dvips.def 1999/02/16 v3.0i Driver-dependant file (DPC,SPQR)
))
\Gin@req@height=\dimen103
\Gin@req@width=\dimen104
)
\epsfxsize=\dimen105
\epsfysize=\dimen106
)
(/usr/share/texmf-texlive/tex/latex/geometry/geometry.sty
Package: geometry 2008/12/21 v4.2 Page Geometry

(/usr/share/texmf-texlive/tex/generic/oberdiek/ifpdf.sty
Package: ifpdf 2009/04/10 v2.0 Provides the ifpdf switch (HO)
Package ifpdf Info: pdfTeX in pdf mode not detected.
)
(/usr/share/texmf-texlive/tex/generic/oberdiek/ifvtex.sty
Package: ifvtex 2008/11/04 v1.4 Switches for detecting VTeX and its modes (HO)
Package ifvtex Info: VTeX not detected.
)
\Gm@cnth=\count87
\Gm@cntv=\count88
\c@Gm@tempcnt=\count89
\Gm@bindingoffset=\dimen107
\Gm@wd@mp=\dimen108
\Gm@odd@mp=\dimen109
\Gm@even@mp=\dimen110
\Gm@dimlist=\toks15
)
(/usr/share/texmf-texlive/tex/latex/units/nicefrac.sty
Package: nicefrac 1998/08/04 v0.9b Nice fractions
\L@UnitsRaiseDisplaystyle=\skip43
\L@UnitsRaiseTextstyle=\skip44
\L@UnitsRaiseScriptstyle=\skip45

(/usr/share/texmf-texlive/tex/latex/base/ifthen.sty
Package: ifthen 2001/05/26 v1.1c Standard LaTeX ifthen package (DPC)
))
(/usr/share/texmf-texlive/tex/latex/tools/indentfirst.sty
Package: indentfirst 1995/11/23 v1.03 Indent first paragraph (DPC)
)
(/usr/share/texmf-texlive/tex/latex/amsfonts/amssymb.sty
Package: amssymb 2009/06/22 v3.00

(/usr/share/texmf-texlive/tex/latex/amsfonts/amsfonts.sty
Package: amsfonts 2009/06/22 v3.00 Basic AMSFonts support
\@emptytoks=\toks16
\symAMSa=\mathgroup4
\symAMSb=\mathgroup5
LaTeX Font Info:    Overwriting math alphabet `\mathfrak' in version `bold'
(Font)                  U/euf/m/n --> U/euf/b/n on input line 96.
))
(/usr/share/texmf-texlive/tex/latex/graphics/color.sty
Package: color 2005/11/14 v1.0j Standard LaTeX Color (DPC)

(/etc/texmf/tex/latex/config/color.cfg
File: color.cfg 2007/01/18 v1.5 color configuration of teTeX/TeXLive
)
Package color Info: Driver file: dvips.def on input line 130.

(/usr/share/texmf-texlive/tex/latex/graphics/dvipsnam.def
File: dvipsnam.def 1999/02/16 v3.0i Driver-dependant file (DPC,SPQR)
))
(/usr/share/texmf-texlive/tex/latex/tools/enumerate.sty
Package: enumerate 1999/03/05 v3.00 enumerate extensions (DPC)
\@enLab=\toks17
)
(/usr/share/texmf-texlive/tex/latex/comment/comment.sty
\CommentStream=\write3

Excluding comment 'comment')
(/usr/share/texmf-texlive/tex/latex/cite/overcite.sty
Package: overcite 2003/05/27  v 4.0
)
(/usr/share/texmf-texlive/tex/latex/cite/cite.sty
LaTeX Info: Redefining \cite on input line 285.
LaTeX Info: Redefining \nocite on input line 356.
Package: cite 2009/08/29  v 5.2
LaTeX Info: Redefining \cite on input line 437.
) (./citesort.sty
\@minsofar=\count90
\@min=\count91
\@cite@temp=\count92
)
(/usr/share/texmf-texlive/tex/latex/amsmath/amsmath.sty
Package: amsmath 2000/07/18 v2.13 AMS math features
\@mathmargin=\skip46

For additional information on amsmath, use the `?' option.
(/usr/share/texmf-texlive/tex/latex/amsmath/amstext.sty
Package: amstext 2000/06/29 v2.01

(/usr/share/texmf-texlive/tex/latex/amsmath/amsgen.sty
File: amsgen.sty 1999/11/30 v2.0
\@emptytoks=\toks18
\ex@=\dimen111
))
(/usr/share/texmf-texlive/tex/latex/amsmath/amsbsy.sty
Package: amsbsy 1999/11/29 v1.2d
\pmbraise@=\dimen112
)
(/usr/share/texmf-texlive/tex/latex/amsmath/amsopn.sty
Package: amsopn 1999/12/14 v2.01 operator names
)
\inf@bad=\count93
LaTeX Info: Redefining \frac on input line 211.
\uproot@=\count94
\leftroot@=\count95
LaTeX Info: Redefining \overline on input line 307.
\classnum@=\count96
\DOTSCASE@=\count97
LaTeX Info: Redefining \ldots on input line 379.
LaTeX Info: Redefining \dots on input line 382.
LaTeX Info: Redefining \cdots on input line 467.
\Mathstrutbox@=\box26
\strutbox@=\box27
\big@size=\dimen113
LaTeX Font Info:    Redeclaring font encoding OML on input line 567.
LaTeX Font Info:    Redeclaring font encoding OMS on input line 568.
\macc@depth=\count98
\c@MaxMatrixCols=\count99
\dotsspace@=\muskip10
\c@parentequation=\count100
\dspbrk@lvl=\count101
\tag@help=\toks19
\row@=\count102
\column@=\count103
\maxfields@=\count104
\andhelp@=\toks20
\eqnshift@=\dimen114
\alignsep@=\dimen115
\tagshift@=\dimen116
\tagwidth@=\dimen117
\totwidth@=\dimen118
\lineht@=\dimen119
\@envbody=\toks21
\multlinegap=\skip47
\multlinetaggap=\skip48
\mathdisplay@stack=\toks22
LaTeX Info: Redefining \[ on input line 2666.
LaTeX Info: Redefining \] on input line 2667.
)
(/usr/share/texmf-texlive/tex/latex/caption/caption.sty
Package: caption 2009/10/09 v3.1k Customizing captions (AR)

(/usr/share/texmf-texlive/tex/latex/caption/caption3.sty
Package: caption3 2009/10/09 v3.1k caption3 kernel (AR)
\captionmargin=\dimen120
\captionmargin@=\dimen121
\captionwidth=\dimen122
\caption@indent=\dimen123
\caption@parindent=\dimen124
\caption@hangindent=\dimen125
)
\c@ContinuedFloat=\count105
)
(/usr/share/texmf-texlive/tex/latex/tools/bm.sty
Package: bm 2004/02/26 v1.1c Bold Symbol Support (DPC/FMi)
\symboldoperators=\mathgroup6
\symboldletters=\mathgroup7
\symboldsymbols=\mathgroup8
LaTeX Font Info:    Redeclaring math alphabet \mathbf on input line 138.
LaTeX Info: Redefining \bm on input line 204.
)
(/usr/share/texmf-texlive/tex/latex/wrapfig/wrapfig.sty
\wrapoverhang=\dimen126
\WF@size=\dimen127
\c@WF@wrappedlines=\count106
\WF@box=\box28
\WF@everypar=\toks23
Package: wrapfig 2003/01/31  v 3.6
)
(/usr/share/texmf-texlive/tex/latex/subfigure/subfigure.sty
Package: subfigure 2002/03/15 v2.1.5 subfigure package
\subfigtopskip=\skip49
\subfigcapskip=\skip50
\subfigcaptopadj=\dimen128
\subfigbottomskip=\skip51
\subfigcapmargin=\dimen129
\subfiglabelskip=\skip52
\c@subfigure=\count107
\c@lofdepth=\count108
\c@subtable=\count109
\c@lotdepth=\count110

****************************************
* Local config file subfigure.cfg used *
****************************************
(/usr/share/texmf-texlive/tex/latex/subfigure/subfigure.cfg)
\subfig@top=\skip53
\subfig@bottom=\skip54
)

Package geometry Warning: Over-specification in `h'-direction.
    `width' (469.75499pt) is ignored.

(./Proposal.aux)
\openout1 = `Proposal.aux'.

LaTeX Font Info:    Checking defaults for OML/cmm/m/it on input line 36.
LaTeX Font Info:    ... okay on input line 36.
LaTeX Font Info:    Checking defaults for T1/cmr/m/n on input line 36.
LaTeX Font Info:    ... okay on input line 36.
LaTeX Font Info:    Checking defaults for OT1/cmr/m/n on input line 36.
LaTeX Font Info:    ... okay on input line 36.
LaTeX Font Info:    Checking defaults for OMS/cmsy/m/n on input line 36.
LaTeX Font Info:    ... okay on input line 36.
LaTeX Font Info:    Checking defaults for OMX/cmex/m/n on input line 36.
LaTeX Font Info:    ... okay on input line 36.
LaTeX Font Info:    Checking defaults for U/cmr/m/n on input line 36.
LaTeX Font Info:    ... okay on input line 36.

*geometry detected driver: dvips*
-------------------- Geometry parameters
paper: letterpaper
landscape: --
twocolumn: --
twoside: --
asymmetric: --
h-parts: 72.26999pt, 469.75502pt, 72.26999pt
v-parts: 72.26999pt, 650.43pt, 72.27pt
hmarginratio: --
vmarginratio: --
lines: --
heightrounded: --
bindingoffset: 0.0pt
truedimen: --
includehead: --
includefoot: --
includemp: --
driver: dvips
-------------------- Page layout dimensions and switches
\paperwidth  614.295pt
\paperheight 794.96999pt
\textwidth  469.75502pt
\textheight 650.43pt
\oddsidemargin  0.0pt
\evensidemargin 0.0pt
\topmargin  -37.0pt
\headheight 12.0pt
\headsep    25.0pt
\footskip   30.0pt
\marginparwidth 44.0pt
\marginparsep   10.0pt
\columnsep  9.03374pt
\skip\footins  10.8pt plus 4.0pt minus 2.0pt
\hoffset 0.0pt
\voffset 0.0pt
\mag 1000

(1in=72.27pt, 1cm=28.45pt)
-----------------------
Package caption Info: Begin \AtBeginDocument code.
Package caption Info: subfigure package is loaded.
Package caption Info: wrapfig package is loaded.
Package caption Info: End \AtBeginDocument code.
LaTeX Font Info:    Try loading font information for U+msa on input line 53.
(/usr/share/texmf-texlive/tex/latex/amsfonts/umsa.fd
File: umsa.fd 2009/06/22 v3.00 AMS symbols A
)
LaTeX Font Info:    Try loading font information for U+msb on input line 53.

(/usr/share/texmf-texlive/tex/latex/amsfonts/umsb.fd
File: umsb.fd 2009/06/22 v3.00 AMS symbols B
)
Underfull \hbox (badness 10000) in paragraph at lines 62--62

 []

[1

] (./Proposal.toc
Overfull \hbox (34.19914pt too wide) in paragraph at lines 13--13
 [] []\OT1/cmr/bx/n/12 Proposed re-search: Quan-ti-ta-tively de-scribe ther-mal
 trans-port across Si/Si$[]$Ge$[]$ 
 []

)
\tf@toc=\write4
\openout4 = `Proposal.toc'.

 [2

]

LaTeX Warning: Reference `F-SL_picture' on page 3 undefined on input line 77.


LaTeX Warning: Citation `capinski1999' on page 3 undefined on input line 77.


LaTeX Warning: Citation `chakraborty2003' on page 3 undefined on input line 77.



LaTeX Warning: Citation `caylor2005' on page 3 undefined on input line 77.


LaTeX Warning: Citation `ezzahri2005' on page 3 undefined on input line 77.


LaTeX Warning: Citation `borca-tasciuc2000' on page 3 undefined on input line 7
7.


LaTeX Warning: Citation `borca-tasciuc2002' on page 3 undefined on input line 7
7.


LaTeX Warning: Citation `huxtablethesis' on page 3 undefined on input line 77.


LaTeX Warning: Citation `venkata2000' on page 3 undefined on input line 77.


LaTeX Warning: Citation `capinski1999' on page 3 undefined on input line 98.


LaTeX Warning: Citation `chakraborty2003' on page 3 undefined on input line 98.



LaTeX Warning: Citation `borca-tasciuc2000' on page 3 undefined on input line 9
8.


LaTeX Warning: Citation `borca-tasciuc2002' on page 3 undefined on input line 9
8.


LaTeX Warning: Citation `venkata2000' on page 3 undefined on input line 98.


LaTeX Warning: Citation `caylor2005' on page 3 undefined on input line 98.


LaTeX Warning: Citation `lee1997' on page 3 undefined on input line 98.


LaTeX Warning: Citation `kim2006' on page 3 undefined on input line 101.


LaTeX Warning: Citation `kim2007' on page 3 undefined on input line 101.


LaTeX Warning: Citation `kim2007' on page 3 undefined on input line 104.


LaTeX Warning: Citation `capinski1999' on page 3 undefined on input line 104.


LaTeX Warning: Citation `venkata2000' on page 3 undefined on input line 104.


LaTeX Warning: Citation `borca-tasciuc2002' on page 3 undefined on input line 1
04.


LaTeX Warning: Citation `chakraborty2003' on page 3 undefined on input line 110
.


LaTeX Warning: Citation `venkata2000' on page 3 undefined on input line 110.


LaTeX Warning: Citation `caylor2005' on page 3 undefined on input line 110.


LaTeX Warning: Citation `capinski1999' on page 3 undefined on input line 112.


LaTeX Warning: Citation `huxtablethesis' on page 3 undefined on input line 112.



LaTeX Warning: Citation `simkin2000' on page 3 undefined on input line 115.


LaTeX Warning: Citation `yang2003' on page 3 undefined on input line 115.


LaTeX Warning: Citation `broido2004' on page 3 undefined on input line 115.


LaTeX Warning: Citation `yang2001' on page 3 undefined on input line 115.


LaTeX Warning: Citation `ren2006' on page 3 undefined on input line 115.


LaTeX Warning: Citation `tamura1999' on page 3 undefined on input line 115.


LaTeX Warning: Citation `kiselev2000' on page 3 undefined on input line 115.


LaTeX Warning: Citation `hyldgaard1997' on page 3 undefined on input line 115.


LaTeX Warning: Citation `bies2000' on page 3 undefined on input line 115.


LaTeX Warning: Citation `abramson2002' on page 3 undefined on input line 117.


LaTeX Warning: Citation `chen2005' on page 3 undefined on input line 117.


LaTeX Warning: Citation `daly2002' on page 3 undefined on input line 117.


LaTeX Warning: Citation `imamura2003' on page 3 undefined on input line 117.


LaTeX Warning: Citation `volz2000' on page 3 undefined on input line 117.


LaTeX Warning: Citation `mcgaughey2006' on page 3 undefined on input line 117.


LaTeX Warning: Citation `chiritescu2007' on page 3 undefined on input line 117.



LaTeX Warning: Citation `kiselev2000' on page 3 undefined on input line 126.


LaTeX Warning: Citation `tamura1999' on page 3 undefined on input line 126.


LaTeX Warning: Citation `yang2001' on page 3 undefined on input line 126.


LaTeX Warning: Citation `bies2000' on page 3 undefined on input line 126.


LaTeX Warning: Citation `yang2001' on page 3 undefined on input line 133.


LaTeX Warning: Citation `ren2006' on page 3 undefined on input line 133.


LaTeX Warning: Citation `tamura1999' on page 3 undefined on input line 133.


LaTeX Warning: Citation `kiselev2000' on page 3 undefined on input line 133.


LaTeX Warning: Citation `hyldgaard1997' on page 3 undefined on input line 133.


LaTeX Warning: Citation `bies2000' on page 3 undefined on input line 133.


LaTeX Warning: Citation `broido2004' on page 3 undefined on input line 134.


LaTeX Warning: Citation `simkin2000' on page 3 undefined on input line 146.


LaTeX Warning: Citation `yang2003' on page 3 undefined on input line 153.


Overfull \hbox (41.27795pt too wide) in paragraph at lines 114--157
[]\OT1/cmr/m/n/12 Lattice dy-nam-ics cal-cu-la-tions,[] and molec-u-lar dy-nam-
ics (MD) sim-u-la-tions[]
 []

[3

]

LaTeX Warning: Citation `chen2005' on page 4 undefined on input line 158.


LaTeX Warning: Citation `daly2002' on page 4 undefined on input line 164.


LaTeX Warning: Citation `imamura2003' on page 4 undefined on input line 165.


LaTeX Warning: Citation `landry2008a' on page 4 undefined on input line 170.


LaTeX Warning: Reference `F-SL_picture' on page 4 undefined on input line 173.


LaTeX Warning: Citation `costescu2003' on page 4 undefined on input line 185.


LaTeX Warning: Citation `stevens2005' on page 4 undefined on input line 185.


LaTeX Warning: Citation `swartz1989' on page 4 undefined on input line 191.


LaTeX Warning: Citation `swartz1989' on page 4 undefined on input line 203.

[4]

LaTeX Warning: Citation `reddy2005' on page 5 undefined on input line 208.


LaTeX Warning: Citation `beechem2007' on page 5 undefined on input line 208.


LaTeX Warning: Citation `prasher2001' on page 5 undefined on input line 209.


LaTeX Warning: Citation `stevens2007' on page 5 undefined on input line 217.


LaTeX Warning: Citation `swartz1989' on page 5 undefined on input line 226.


LaTeX Warning: Citation `schelling2004' on page 5 undefined on input line 228.


LaTeX Warning: Citation `angadi2006' on page 5 undefined on input line 228.


LaTeX Warning: Citation `schelling2003' on page 5 undefined on input line 229.

[5] [6]
LaTeX Font Info:    Try loading font information for OMS+cmr on input line 252.

 (/usr/share/texmf-texlive/tex/latex/base/omscmr.fd
File: omscmr.fd 1999/05/25 v2.5h Standard LaTeX font definitions
)
LaTeX Font Info:    Font shape `OMS/cmr/m/n' in size <12> not available
(Font)              Font shape `OMS/cmsy/m/n' tried instead on input line 252.

Overfull \hbox (6.21553pt too wide) in paragraph at lines 252--254
[]\OT1/cmr/m/n/12 Quantitatively de-scribe ther-mal trans-port across iso-lated
 and closely-spaced Si/Si$[]$Ge$[]$
 []


LaTeX Warning: Citation `bottner2006' on page 7 undefined on input line 266.


LaTeX Warning: Citation `chen2003' on page 7 undefined on input line 266.


LaTeX Warning: Citation `lee1997' on page 7 undefined on input line 268.


LaTeX Warning: Citation `chakraborty2003' on page 7 undefined on input line 268
.


LaTeX Warning: Citation `borca-tasciuc2000' on page 7 undefined on input line 2
68.


LaTeX Warning: Citation `landry2008a' on page 7 undefined on input line 287.

[7

]

LaTeX Warning: Citation `zhao2005' on page 8 undefined on input line 319.


LaTeX Warning: Citation `schelling2002' on page 8 undefined on input line 319.


LaTeX Warning: Citation `schelling2003' on page 8 undefined on input line 319.


LaTeX Warning: Citation `volz2000' on page 8 undefined on input line 319.


LaTeX Warning: Citation `bodapati2006' on page 8 undefined on input line 319.


LaTeX Warning: Citation `becker2006' on page 8 undefined on input line 319.


LaTeX Warning: Citation `stillinger1985' on page 8 undefined on input line 320.



LaTeX Warning: Citation `ding1986' on page 8 undefined on input line 321.


LaTeX Warning: Citation `stillinger1985' on page 8 undefined on input line 334.



LaTeX Warning: Citation `stillinger1985' on page 8 undefined on input line 361.



LaTeX Warning: Citation `ding1986' on page 8 undefined on input line 361.


LaTeX Warning: Citation `stillinger1985' on page 8 undefined on input line 366.



LaTeX Warning: Citation `ding1986' on page 8 undefined on input line 368.


LaTeX Warning: Citation `ding1986' on page 8 undefined on input line 370.


LaTeX Warning: Citation `laradji1995' on page 8 undefined on input line 372.

[8

]

LaTeX Warning: Citation `mcgaughey2006b' on page 9 undefined on input line 381.



LaTeX Warning: Citation `landry2008a' on page 9 undefined on input line 386.


LaTeX Warning: Citation `mcquarrie' on page 9 undefined on input line 400.


LaTeX Warning: Citation `mcgaughey2006book' on page 9 undefined on input line 4
11.


LaTeX Warning: Citation `ladd1986' on page 9 undefined on input line 411.


LaTeX Warning: Citation `julithesis' on page 9 undefined on input line 411.

[9]

LaTeX Warning: Citation `landry2008a' on page 10 undefined on input line 425.


LaTeX Warning: Citation `che2000' on page 10 undefined on input line 433.


LaTeX Warning: Citation `landry2008a' on page 10 undefined on input line 433.


LaTeX Warning: Citation `mcgaughey2006' on page 10 undefined on input line 433.



LaTeX Warning: Citation `mcgaughey2004b' on page 10 undefined on input line 433
.


LaTeX Warning: Citation `landry2008a' on page 10 undefined on input line 440.


LaTeX Warning: Reference `F-5x5_GK' on page 10 undefined on input line 466.


LaTeX Warning: Reference `F-5x5_GK' on page 10 undefined on input line 474.

[10]

LaTeX Warning: Citation `schelling2002' on page 11 undefined on input line 482.



LaTeX Warning: Citation `mcgaughey2006book' on page 11 undefined on input line 
482.


LaTeX Warning: Reference `F-DMsimcell' on page 11 undefined on input line 483.


LaTeX Warning: Citation `ikeshoji1994' on page 11 undefined on input line 495.


LaTeX Warning: Reference `F-DMsimcell' on page 11 undefined on input line 497.


LaTeX Warning: Reference `F-DMsimcell' on page 11 undefined on input line 498.


LaTeX Warning: Citation `schelling2002' on page 11 undefined on input line 535.



LaTeX Warning: Reference `F-kextrapolation' on page 11 undefined on input line 
542.

[11]

LaTeX Warning: Citation `schelling2002' on page 12 undefined on input line 579.



LaTeX Warning: Citation `landry2008a' on page 12 undefined on input line 583.


LaTeX Warning: Reference `F-DM_GK_Comp' on page 12 undefined on input line 590.



LaTeX Warning: Reference `F-DMsimcell' on page 12 undefined on input line 603.

[12] [13]
Overfull \hbox (43.67464pt too wide) in paragraph at lines 618--618
[][]\OT1/cmr/bx/n/17.28 Validation of the ther-mal con-duc-tiv-ity pre-dic-tion
 method-
 []


LaTeX Warning: Citation `landry2008b' on page 14 undefined on input line 625.


LaTeX Warning: Citation `CRChandbook' on page 14 undefined on input line 631.


LaTeX Warning: Reference `F-unitcells' on page 14 undefined on input line 636.


LaTeX Warning: Reference `F-unitcells' on page 14 undefined on input line 640.


LaTeX Warning: Citation `capinski1997' on page 14 undefined on input line 645.


LaTeX Warning: Reference `F-layer_spacing' on page 14 undefined on input line 6
78.

[14

]

LaTeX Warning: Citation `huxtablethesis' on page 15 undefined on input line 697
.


LaTeX Warning: Citation `borca-tasciuc2000' on page 15 undefined on input line 
697.


LaTeX Warning: Citation `pearsall1999' on page 15 undefined on input line 703.


LaTeX Warning: Citation `pearsall1999' on page 15 undefined on input line 707.


LaTeX Warning: Reference `F-designspace' on page 15 undefined on input line 725
.


LaTeX Warning: Citation `CRChandbook' on page 15 undefined on input line 729.


LaTeX Warning: Citation `maycock1967' on page 15 undefined on input line 734.


LaTeX Warning: Citation `abeles1963' on page 15 undefined on input line 737.


LaTeX Warning: Citation `abeles1963' on page 15 undefined on input line 739.


LaTeX Warning: Reference `F-designspace' on page 15 undefined on input line 744
.

[15]

LaTeX Warning: Reference `F-designspace' on page 16 undefined on input line 761
.


LaTeX Warning: Citation `cahill1992' on page 16 undefined on input line 766.


LaTeX Warning: Citation `cahill1992' on page 16 undefined on input line 783.


LaTeX Warning: Citation `holland1963' on page 16 undefined on input line 783.


LaTeX Warning: Citation `cowley1988' on page 16 undefined on input line 786.


LaTeX Warning: Citation `baker2000' on page 16 undefined on input line 790.


LaTeX Warning: Reference `F-designspace' on page 16 undefined on input line 791
.


LaTeX Warning: Reference `F-Si-alloySLs' on page 16 undefined on input line 808
.


LaTeX Warning: Citation `huxtablethesis' on page 16 undefined on input line 810
.


LaTeX Warning: Reference `F-Si-alloySLs' on page 16 undefined on input line 812
.

[16]

LaTeX Warning: Reference `F-Si-alloySLs' on page 17 undefined on input line 831
.


LaTeX Warning: Reference `F-Si-GeSLs' on page 17 undefined on input line 850.


LaTeX Warning: Citation `borca-tasciuc2000' on page 17 undefined on input line 
852.


LaTeX Warning: Citation `lee1997' on page 17 undefined on input line 854.


LaTeX Warning: Citation `borca-tasciuc2000' on page 17 undefined on input line 
860.

[17] [18]

LaTeX Warning: Citation `swartz1989' on page 19 undefined on input line 922.


LaTeX Warning: Reference `F-Si-alloy' on page 19 undefined on input line 951.


LaTeX Warning: Citation `zhao2005' on page 19 undefined on input line 959.

[19

]

LaTeX Warning: Reference `F-sandwich' on page 20 undefined on input line 1009.


LaTeX Warning: Reference `F-sandwich' on page 20 undefined on input line 1026.


LaTeX Warning: Reference `F-sandwich' on page 20 undefined on input line 1038.

[20]

LaTeX Warning: Citation `stevens2007' on page 21 undefined on input line 1054.


LaTeX Warning: Citation `kechrakos1991' on page 21 undefined on input line 1054
.


LaTeX Warning: Citation `twu2003' on page 21 undefined on input line 1054.


LaTeX Warning: Citation `daly2002' on page 21 undefined on input line 1054.


LaTeX Warning: Citation `stevens2007' on page 21 undefined on input line 1056.


LaTeX Warning: Citation `kechrakos1991' on page 21 undefined on input line 1056
.


LaTeX Warning: Citation `twu2003' on page 21 undefined on input line 1058.


LaTeX Warning: Citation `daly2002' on page 21 undefined on input line 1058.


LaTeX Warning: Citation `soo2001' on page 21 undefined on input line 1076.

[21]

LaTeX Warning: Reference `F-dos' on page 22 undefined on input line 1108.

[22]

LaTeX Warning: Reference `F-LAeqLB' on page 23 undefined on input line 1200.


LaTeX Warning: Reference `F-LAeqLB' on page 23 undefined on input line 1201.


LaTeX Warning: Reference `F-designspace' on page 23 undefined on input line 120
9.


LaTeX Warning: Reference `F-Si-alloy' on page 23 undefined on input line 1209.


LaTeX Warning: Reference `F-sandwich' on page 23 undefined on input line 1214.

[23

]

LaTeX Warning: Citation `kiselev2000' on page 24 undefined on input line 1248.


LaTeX Warning: Citation `tamura1999' on page 24 undefined on input line 1248.


LaTeX Warning: Citation `yang2001' on page 24 undefined on input line 1248.


LaTeX Warning: Citation `bies2000' on page 24 undefined on input line 1248.


LaTeX Warning: Citation `broido2004' on page 24 undefined on input line 1248.


LaTeX Warning: Reference `F-LAeqLB' on page 24 undefined on input line 1252.


LaTeX Warning: Reference `F-Si-GeSLs' on page 24 undefined on input line 1267.


LaTeX Warning: Citation `dove' on page 24 undefined on input line 1273.


LaTeX Warning: Citation `mcgaughey2006' on page 24 undefined on input line 1273
.


LaTeX Warning: Citation `landry2008a' on page 24 undefined on input line 1281.


LaTeX Warning: Citation `mcgaughey2006' on page 24 undefined on input line 1281
.


LaTeX Warning: Citation `hussein2006' on page 24 undefined on input line 1284.

[24]

LaTeX Warning: Citation `turney2008' on page 25 undefined on input line 1294.


LaTeX Warning: Citation `turney2008' on page 25 undefined on input line 1302.


LaTeX Warning: Citation `chen1998b' on page 25 undefined on input line 1305.


LaTeX Warning: Citation `zeng2001' on page 25 undefined on input line 1305.


LaTeX Warning: Citation `chen2003' on page 25 undefined on input line 1305.


LaTeX Warning: Citation `ziambaras2006' on page 25 undefined on input line 1305
.


LaTeX Warning: Citation `turney2008' on page 25 undefined on input line 1320.


LaTeX Warning: Citation `landry2008a' on page 25 undefined on input line 1328.


LaTeX Warning: Citation `mcgaughey2006' on page 25 undefined on input line 1328
.


LaTeX Warning: Reference `F-unitcells' on page 25 undefined on input line 1330.



LaTeX Warning: Reference `F-dispersion' on page 25 undefined on input line 1331
.

[25]

LaTeX Warning: Citation `chakraborty2003' on page 26 undefined on input line 13
57.


LaTeX Warning: Citation `venkata2000' on page 26 undefined on input line 1357.


LaTeX Warning: Citation `caylor2005' on page 26 undefined on input line 1357.


LaTeX Warning: Citation `simkin2000' on page 26 undefined on input line 1357.


LaTeX Warning: Citation `chen2005' on page 26 undefined on input line 1357.


LaTeX Warning: Citation `daly2002' on page 26 undefined on input line 1357.


LaTeX Warning: Citation `landry2008a' on page 26 undefined on input line 1357.


LaTeX Warning: Reference `F-LAeqLB' on page 26 undefined on input line 1360.


LaTeX Warning: Citation `landry2008a' on page 26 undefined on input line 1365.


LaTeX Warning: Reference `F-disrupted_cell' on page 26 undefined on input line 
1367.


LaTeX Warning: Reference `F-LAeqLB' on page 26 undefined on input line 1372.


LaTeX Warning: Citation `kiselev2000' on page 26 undefined on input line 1378.


LaTeX Warning: Citation `tamura1999' on page 26 undefined on input line 1378.


LaTeX Warning: Citation `yang2001' on page 26 undefined on input line 1378.


LaTeX Warning: Citation `bies2000' on page 26 undefined on input line 1378.


LaTeX Warning: Citation `broido2004' on page 26 undefined on input line 1378.

[26] [27]

LaTeX Warning: Reference `fig:timeline2' on page 28 undefined on input line 144
1.

[28

] [29

] [30] [31]
No file Proposal.bbl.
(./Proposal.aux)

LaTeX Warning: There were undefined references.

 ) 
Here is how much of TeX's memory you used:
 3642 strings out of 495062
 51016 string characters out of 1182643
 116670 words of memory out of 3000000
 6757 multiletter control sequences out of 15000+50000
 16100 words of font info for 59 fonts, out of 3000000 for 9000
 28 hyphenation exceptions out of 8191
 36i,9n,38p,229b,200s stack positions out of 5000i,500n,10000p,200000b,50000s

Output written on Proposal.dvi (31 pages, 103836 bytes).
