This is pdfTeX, Version 3.1415926-1.40.10 (TeX Live 2009/Debian) (format=latex 2011.11.21)  23 FEB 2012 12:33
entering extended mode
 %&-line parsing enabled.
**Proposal_JL_020912.tex
(./Proposal_JL_020912.tex
LaTeX2e <2009/09/24>
Babel <v3.8l> and hyphenation patterns for english, usenglishmax, dumylang, noh
yphenation, loaded.
(/usr/share/texmf-texlive/tex/latex/base/article.cls
Document Class: article 2007/10/19 v1.4h Standard LaTeX document class
(/usr/share/texmf-texlive/tex/latex/base/size12.clo
File: size12.clo 2007/10/19 v1.4h Standard LaTeX file (size option)
)
\c@part=\count79
\c@section=\count80
\c@subsection=\count81
\c@subsubsection=\count82
\c@paragraph=\count83
\c@subparagraph=\count84
\c@figure=\count85
\c@table=\count86
\abovecaptionskip=\skip41
\belowcaptionskip=\skip42
\bibindent=\dimen102
)
(/usr/share/texmf-texlive/tex/latex/graphics/epsfig.sty
Package: epsfig 1999/02/16 v1.7a (e)psfig emulation (SPQR)

(/usr/share/texmf-texlive/tex/latex/graphics/graphicx.sty
Package: graphicx 1999/02/16 v1.0f Enhanced LaTeX Graphics (DPC,SPQR)

(/usr/share/texmf-texlive/tex/latex/graphics/keyval.sty
Package: keyval 1999/03/16 v1.13 key=value parser (DPC)
\KV@toks@=\toks14
)
(/usr/share/texmf-texlive/tex/latex/graphics/graphics.sty
Package: graphics 2009/02/05 v1.0o Standard LaTeX Graphics (DPC,SPQR)

(/usr/share/texmf-texlive/tex/latex/graphics/trig.sty
Package: trig 1999/03/16 v1.09 sin cos tan (DPC)
)
(/etc/texmf/tex/latex/config/graphics.cfg
File: graphics.cfg 2009/08/28 v1.8 graphics configuration of TeX Live
)
Package graphics Info: Driver file: dvips.def on input line 91.

(/usr/share/texmf-texlive/tex/latex/graphics/dvips.def
File: dvips.def 1999/02/16 v3.0i Driver-dependant file (DPC,SPQR)
))
\Gin@req@height=\dimen103
\Gin@req@width=\dimen104
)
\epsfxsize=\dimen105
\epsfysize=\dimen106
)
(/usr/share/texmf-texlive/tex/latex/geometry/geometry.sty
Package: geometry 2008/12/21 v4.2 Page Geometry

(/usr/share/texmf-texlive/tex/generic/oberdiek/ifpdf.sty
Package: ifpdf 2009/04/10 v2.0 Provides the ifpdf switch (HO)
Package ifpdf Info: pdfTeX in pdf mode not detected.
)
(/usr/share/texmf-texlive/tex/generic/oberdiek/ifvtex.sty
Package: ifvtex 2008/11/04 v1.4 Switches for detecting VTeX and its modes (HO)
Package ifvtex Info: VTeX not detected.
)
\Gm@cnth=\count87
\Gm@cntv=\count88
\c@Gm@tempcnt=\count89
\Gm@bindingoffset=\dimen107
\Gm@wd@mp=\dimen108
\Gm@odd@mp=\dimen109
\Gm@even@mp=\dimen110
\Gm@dimlist=\toks15
)
(/usr/share/texmf-texlive/tex/latex/units/nicefrac.sty
Package: nicefrac 1998/08/04 v0.9b Nice fractions
\L@UnitsRaiseDisplaystyle=\skip43
\L@UnitsRaiseTextstyle=\skip44
\L@UnitsRaiseScriptstyle=\skip45

(/usr/share/texmf-texlive/tex/latex/base/ifthen.sty
Package: ifthen 2001/05/26 v1.1c Standard LaTeX ifthen package (DPC)
))
(/usr/share/texmf-texlive/tex/latex/tools/indentfirst.sty
Package: indentfirst 1995/11/23 v1.03 Indent first paragraph (DPC)
)
(/usr/share/texmf-texlive/tex/latex/amsfonts/amssymb.sty
Package: amssymb 2009/06/22 v3.00

(/usr/share/texmf-texlive/tex/latex/amsfonts/amsfonts.sty
Package: amsfonts 2009/06/22 v3.00 Basic AMSFonts support
\@emptytoks=\toks16
\symAMSa=\mathgroup4
\symAMSb=\mathgroup5
LaTeX Font Info:    Overwriting math alphabet `\mathfrak' in version `bold'
(Font)                  U/euf/m/n --> U/euf/b/n on input line 96.
))
(/usr/share/texmf-texlive/tex/latex/graphics/color.sty
Package: color 2005/11/14 v1.0j Standard LaTeX Color (DPC)

(/etc/texmf/tex/latex/config/color.cfg
File: color.cfg 2007/01/18 v1.5 color configuration of teTeX/TeXLive
)
Package color Info: Driver file: dvips.def on input line 130.

(/usr/share/texmf-texlive/tex/latex/graphics/dvipsnam.def
File: dvipsnam.def 1999/02/16 v3.0i Driver-dependant file (DPC,SPQR)
))
(/usr/share/texmf-texlive/tex/latex/tools/enumerate.sty
Package: enumerate 1999/03/05 v3.00 enumerate extensions (DPC)
\@enLab=\toks17
)
(/usr/share/texmf-texlive/tex/latex/comment/comment.sty
\CommentStream=\write3

Excluding comment 'comment')
(/usr/share/texmf-texlive/tex/latex/cite/overcite.sty
Package: overcite 2003/05/27  v 4.0
)
(/usr/share/texmf-texlive/tex/latex/cite/cite.sty
LaTeX Info: Redefining \cite on input line 285.
LaTeX Info: Redefining \nocite on input line 356.
Package: cite 2009/08/29  v 5.2
LaTeX Info: Redefining \cite on input line 437.
) (./citesort.sty
\@minsofar=\count90
\@min=\count91
\@cite@temp=\count92
)
(/usr/share/texmf-texlive/tex/latex/amsmath/amsmath.sty
Package: amsmath 2000/07/18 v2.13 AMS math features
\@mathmargin=\skip46

For additional information on amsmath, use the `?' option.
(/usr/share/texmf-texlive/tex/latex/amsmath/amstext.sty
Package: amstext 2000/06/29 v2.01

(/usr/share/texmf-texlive/tex/latex/amsmath/amsgen.sty
File: amsgen.sty 1999/11/30 v2.0
\@emptytoks=\toks18
\ex@=\dimen111
))
(/usr/share/texmf-texlive/tex/latex/amsmath/amsbsy.sty
Package: amsbsy 1999/11/29 v1.2d
\pmbraise@=\dimen112
)
(/usr/share/texmf-texlive/tex/latex/amsmath/amsopn.sty
Package: amsopn 1999/12/14 v2.01 operator names
)
\inf@bad=\count93
LaTeX Info: Redefining \frac on input line 211.
\uproot@=\count94
\leftroot@=\count95
LaTeX Info: Redefining \overline on input line 307.
\classnum@=\count96
\DOTSCASE@=\count97
LaTeX Info: Redefining \ldots on input line 379.
LaTeX Info: Redefining \dots on input line 382.
LaTeX Info: Redefining \cdots on input line 467.
\Mathstrutbox@=\box26
\strutbox@=\box27
\big@size=\dimen113
LaTeX Font Info:    Redeclaring font encoding OML on input line 567.
LaTeX Font Info:    Redeclaring font encoding OMS on input line 568.
\macc@depth=\count98
\c@MaxMatrixCols=\count99
\dotsspace@=\muskip10
\c@parentequation=\count100
\dspbrk@lvl=\count101
\tag@help=\toks19
\row@=\count102
\column@=\count103
\maxfields@=\count104
\andhelp@=\toks20
\eqnshift@=\dimen114
\alignsep@=\dimen115
\tagshift@=\dimen116
\tagwidth@=\dimen117
\totwidth@=\dimen118
\lineht@=\dimen119
\@envbody=\toks21
\multlinegap=\skip47
\multlinetaggap=\skip48
\mathdisplay@stack=\toks22
LaTeX Info: Redefining \[ on input line 2666.
LaTeX Info: Redefining \] on input line 2667.
)
(/usr/share/texmf-texlive/tex/latex/caption/caption.sty
Package: caption 2009/10/09 v3.1k Customizing captions (AR)

(/usr/share/texmf-texlive/tex/latex/caption/caption3.sty
Package: caption3 2009/10/09 v3.1k caption3 kernel (AR)
\captionmargin=\dimen120
\captionmargin@=\dimen121
\captionwidth=\dimen122
\caption@indent=\dimen123
\caption@parindent=\dimen124
\caption@hangindent=\dimen125
)
\c@ContinuedFloat=\count105
)
(/usr/share/texmf-texlive/tex/latex/tools/bm.sty
Package: bm 2004/02/26 v1.1c Bold Symbol Support (DPC/FMi)
\symboldoperators=\mathgroup6
\symboldletters=\mathgroup7
\symboldsymbols=\mathgroup8
LaTeX Font Info:    Redeclaring math alphabet \mathbf on input line 138.
LaTeX Info: Redefining \bm on input line 204.
)
(/usr/share/texmf-texlive/tex/latex/wrapfig/wrapfig.sty
\wrapoverhang=\dimen126
\WF@size=\dimen127
\c@WF@wrappedlines=\count106
\WF@box=\box28
\WF@everypar=\toks23
Package: wrapfig 2003/01/31  v 3.6
)
(/usr/share/texmf-texlive/tex/latex/subfigure/subfigure.sty
Package: subfigure 2002/03/15 v2.1.5 subfigure package
\subfigtopskip=\skip49
\subfigcapskip=\skip50
\subfigcaptopadj=\dimen128
\subfigbottomskip=\skip51
\subfigcapmargin=\dimen129
\subfiglabelskip=\skip52
\c@subfigure=\count107
\c@lofdepth=\count108
\c@subtable=\count109
\c@lotdepth=\count110

****************************************
* Local config file subfigure.cfg used *
****************************************
(/usr/share/texmf-texlive/tex/latex/subfigure/subfigure.cfg)
\subfig@top=\skip53
\subfig@bottom=\skip54
)
(/usr/share/texmf-texlive/tex/latex/hyperref/hyperref.sty
Package: hyperref 2009/10/09 v6.79a Hypertext links for LaTeX

(/usr/share/texmf-texlive/tex/generic/ifxetex/ifxetex.sty
Package: ifxetex 2009/01/23 v0.5 Provides ifxetex conditional
)
(/usr/share/texmf-texlive/tex/latex/oberdiek/hycolor.sty
Package: hycolor 2009/10/02 v1.5 Code for color options of hyperref/bookmark (H
O)

(/usr/share/texmf-texlive/tex/latex/oberdiek/xcolor-patch.sty
Package: xcolor-patch 2009/10/02 xcolor patch
))
\@linkdim=\dimen130
\Hy@linkcounter=\count111
\Hy@pagecounter=\count112

(/usr/share/texmf-texlive/tex/latex/hyperref/pd1enc.def
File: pd1enc.def 2009/10/09 v6.79a Hyperref: PDFDocEncoding definition (HO)
)
(/usr/share/texmf-texlive/tex/generic/oberdiek/etexcmds.sty
Package: etexcmds 2007/12/12 v1.2 Prefix for e-TeX command names (HO)

(/usr/share/texmf-texlive/tex/generic/oberdiek/infwarerr.sty
Package: infwarerr 2007/09/09 v1.2 Providing info/warning/message (HO)
)
Package etexcmds Info: Could not find \expanded.
(etexcmds)             That can mean that you are not using pdfTeX 1.50 or
(etexcmds)             that some package has redefined \expanded.
(etexcmds)             In the latter case, load this package earlier.
)
(/usr/share/texmf-texlive/tex/latex/latexconfig/hyperref.cfg
File: hyperref.cfg 2002/06/06 v1.2 hyperref configuration of TeXLive
)
(/usr/share/texmf-texlive/tex/latex/oberdiek/kvoptions.sty
Package: kvoptions 2009/08/13 v3.4 Keyval support for LaTeX options (HO)

(/usr/share/texmf-texlive/tex/generic/oberdiek/kvsetkeys.sty
Package: kvsetkeys 2009/07/30 v1.5 Key value parser with default handler suppor
t (HO)
))
Package hyperref Info: Hyper figures OFF on input line 2975.
Package hyperref Info: Link nesting OFF on input line 2980.
Package hyperref Info: Hyper index ON on input line 2983.
Package hyperref Info: Plain pages OFF on input line 2990.
Package hyperref Info: Backreferencing OFF on input line 2995.

Implicit mode ON; LaTeX internals redefined
Package hyperref Info: Bookmarks ON on input line 3191.
(/usr/share/texmf-texlive/tex/latex/ltxmisc/url.sty
\Urlmuskip=\muskip11
Package: url 2006/04/12  ver 3.3  Verb mode for urls, etc.
)
LaTeX Info: Redefining \url on input line 3428.

(/usr/share/texmf-texlive/tex/generic/oberdiek/bitset.sty
Package: bitset 2007/09/28 v1.0 Data type bit set (HO)

(/usr/share/texmf-texlive/tex/generic/oberdiek/intcalc.sty
Package: intcalc 2007/09/27 v1.1 Expandable integer calculations (HO)
)
(/usr/share/texmf-texlive/tex/generic/oberdiek/bigintcalc.sty
Package: bigintcalc 2007/11/11 v1.1 Expandable big integer calculations (HO)

(/usr/share/texmf-texlive/tex/generic/oberdiek/pdftexcmds.sty
Package: pdftexcmds 2009/09/23 v0.6 LuaTeX support for pdfTeX utility functions
 (HO)

(/usr/share/texmf-texlive/tex/generic/oberdiek/ifluatex.sty
Package: ifluatex 2009/04/17 v1.2 Provides the ifluatex switch (HO)
Package ifluatex Info: LuaTeX not detected.
)
(/usr/share/texmf-texlive/tex/generic/oberdiek/ltxcmds.sty
Package: ltxcmds 2009/08/05 v1.0 Some LaTeX kernel commands for general use (HO
)
)
Package pdftexcmds Info: LuaTeX not detected.
Package pdftexcmds Info: \pdf@primitive is available.
Package pdftexcmds Info: \pdf@ifprimitive is available.
)))
\Fld@menulength=\count113
\Field@Width=\dimen131
\Fld@charsize=\dimen132
\Field@toks=\toks24
Package hyperref Info: Hyper figures OFF on input line 4377.
Package hyperref Info: Link nesting OFF on input line 4382.
Package hyperref Info: Hyper index ON on input line 4385.
Package hyperref Info: backreferencing OFF on input line 4392.
Package hyperref Info: Link coloring OFF on input line 4397.
Package hyperref Info: Link coloring with OCG OFF on input line 4402.
Package hyperref Info: PDF/A mode OFF on input line 4407.

(/usr/share/texmf-texlive/tex/generic/oberdiek/atbegshi.sty
Package: atbegshi 2008/07/31 v1.9 At begin shipout hook (HO)
)
\Hy@abspage=\count114
\c@Item=\count115
\c@Hfootnote=\count116
)
*hyperref using default driver hdvips*
(/usr/share/texmf-texlive/tex/latex/hyperref/hdvips.def
File: hdvips.def 2009/10/09 v6.79a Hyperref driver for dvips

(/usr/share/texmf-texlive/tex/latex/hyperref/pdfmark.def
File: pdfmark.def 2009/10/09 v6.79a Hyperref definitions for pdfmark specials
\pdf@docset=\toks25
\pdf@box=\box29
\pdf@toks=\toks26
\pdf@defaulttoks=\toks27
\Fld@listcount=\count117
))

Package geometry Warning: Over-specification in `h'-direction.
    `width' (469.75499pt) is ignored.

(./Proposal_JL_020912.aux

LaTeX Warning: Label `S-Intro' multiply defined.


LaTeX Warning: Label `S-Intro' multiply defined.


LaTeX Warning: Label `S-Intro-Motivation' multiply defined.


LaTeX Warning: Label `S-Intro-Motivation' multiply defined.


LaTeX Warning: Label `EQ:M:k_thermal' multiply defined.


LaTeX Warning: Label `EQ:k_sum' multiply defined.


LaTeX Warning: Label `EQ:k_sum' multiply defined.


LaTeX Warning: Label `EQ:k_sum' multiply defined.


LaTeX Warning: Label `EQ:k_sum' multiply defined.


LaTeX Warning: Label `S-validation-samples' multiply defined.


LaTeX Warning: Label `EQ:M:k_thermal' multiply defined.


LaTeX Warning: Label `EQ:M:tau_d' multiply defined.


LaTeX Warning: Label `EQ:M:tau_matthiessen' multiply defined.


LaTeX Warning: Label `S-validation' multiply defined.


LaTeX Warning: Label `EQ:M:k_thermal' multiply defined.


LaTeX Warning: Label `EQ:M:k_thermal' multiply defined.


LaTeX Warning: Label `EQ:M:l_glass' multiply defined.


LaTeX Warning: Label `EQ:M:tau_p-p' multiply defined.


LaTeX Warning: Label `EQ:M:k_thermal' multiply defined.


LaTeX Warning: Label `EQ:M:k_thermal' multiply defined.


LaTeX Warning: Label `F:PEAK_COMPARE' multiply defined.


LaTeX Warning: Label `S-Intro-Dispersion_Disordered' multiply defined.


LaTeX Warning: Label `F:PEAK_COMPARE' multiply defined.


LaTeX Warning: Label `F:PEAK_COMPARE' multiply defined.


LaTeX Warning: Label `F:PEAK_COMPARE' multiply defined.


LaTeX Warning: Label `S-validation-samples' multiply defined.


LaTeX Warning: Label `S-Intro-Dispersion_Disordered' multiply defined.


LaTeX Warning: Label `EQ:M:l_glass' multiply defined.


LaTeX Warning: Label `EQ:M:l_glass' multiply defined.


LaTeX Warning: Label `S-validation-samples' multiply defined.


LaTeX Warning: Label `S-validation-samples' multiply defined.


LaTeX Warning: Label `EQ:M:l_glass' multiply defined.


LaTeX Warning: Label `EQ:M:l_glass' multiply defined.


LaTeX Warning: Label `S-validation' multiply defined.


LaTeX Warning: Label `S-validation-samples' multiply defined.


LaTeX Warning: Label `F:PEAK_COMPARE' multiply defined.


LaTeX Warning: Label `S-validation-samples' multiply defined.


LaTeX Warning: Label `S-validation-samples' multiply defined.


LaTeX Warning: Label `S-Intro-Motivation' multiply defined.


LaTeX Warning: Label `S-validation' multiply defined.


LaTeX Warning: Label `S-MD-SW' multiply defined.


LaTeX Warning: Label `S-MD-SW' multiply defined.


LaTeX Warning: Label `S-MD-SW' multiply defined.


LaTeX Warning: Label `EQ:M:tau_p-p' multiply defined.


LaTeX Warning: Label `EQ:M:tau_d' multiply defined.


LaTeX Warning: Label `Subsection_Comp_Details_1' multiply defined.


LaTeX Warning: Label `crys_pos3' multiply defined.


LaTeX Warning: Label `crys_pos3' multiply defined.


LaTeX Warning: Label `S-validation' multiply defined.


LaTeX Warning: Label `E-Seq' multiply defined.


LaTeX Warning: Label `A:E:ave_T_t' multiply defined.


LaTeX Warning: Label `A:E:equipartition' multiply defined.


LaTeX Warning: Label `Subsection_Comp_Details_3' multiply defined.


LaTeX Warning: Label `S-validation-samples' multiply defined.


LaTeX Warning: Label `S-validation-samples' multiply defined.


LaTeX Warning: Label `S-validation' multiply defined.

)
\openout1 = `Proposal_JL_020912.aux'.

LaTeX Font Info:    Checking defaults for OML/cmm/m/it on input line 139.
LaTeX Font Info:    ... okay on input line 139.
LaTeX Font Info:    Checking defaults for T1/cmr/m/n on input line 139.
LaTeX Font Info:    ... okay on input line 139.
LaTeX Font Info:    Checking defaults for OT1/cmr/m/n on input line 139.
LaTeX Font Info:    ... okay on input line 139.
LaTeX Font Info:    Checking defaults for OMS/cmsy/m/n on input line 139.
LaTeX Font Info:    ... okay on input line 139.
LaTeX Font Info:    Checking defaults for OMX/cmex/m/n on input line 139.
LaTeX Font Info:    ... okay on input line 139.
LaTeX Font Info:    Checking defaults for U/cmr/m/n on input line 139.
LaTeX Font Info:    ... okay on input line 139.
LaTeX Font Info:    Checking defaults for PD1/pdf/m/n on input line 139.
LaTeX Font Info:    ... okay on input line 139.

*geometry detected driver: dvips*
-------------------- Geometry parameters
paper: letterpaper
landscape: --
twocolumn: --
twoside: --
asymmetric: --
h-parts: 72.26999pt, 469.75502pt, 72.26999pt
v-parts: 72.26999pt, 650.43pt, 72.27pt
hmarginratio: --
vmarginratio: --
lines: --
heightrounded: --
bindingoffset: 0.0pt
truedimen: --
includehead: --
includefoot: --
includemp: --
driver: dvips
-------------------- Page layout dimensions and switches
\paperwidth  614.295pt
\paperheight 794.96999pt
\textwidth  469.75502pt
\textheight 650.43pt
\oddsidemargin  0.0pt
\evensidemargin 0.0pt
\topmargin  -37.0pt
\headheight 12.0pt
\headsep    25.0pt
\footskip   30.0pt
\marginparwidth 44.0pt
\marginparsep   10.0pt
\columnsep  9.03374pt
\skip\footins  10.8pt plus 4.0pt minus 2.0pt
\hoffset 0.0pt
\voffset 0.0pt
\mag 1000

(1in=72.27pt, 1cm=28.45pt)
-----------------------
Package caption Info: Begin \AtBeginDocument code.
Package caption Info: hyperref package is loaded.
Package caption Info: subfigure package is loaded.
Package caption Info: wrapfig package is loaded.
Package caption Info: End \AtBeginDocument code.
Package hyperref Info: Link coloring OFF on input line 139.
(/usr/share/texmf-texlive/tex/latex/hyperref/nameref.sty
Package: nameref 2007/05/29 v2.31 Cross-referencing by name of section

(/usr/share/texmf-texlive/tex/latex/oberdiek/refcount.sty
Package: refcount 2008/08/11 v3.1 Data extraction from references (HO)
)
\c@section@level=\count118
)
LaTeX Info: Redefining \ref on input line 139.
LaTeX Info: Redefining \pageref on input line 139.

(./Proposal_JL_020912.out) (./Proposal_JL_020912.out)
\@outlinefile=\write4
\openout4 = `Proposal_JL_020912.out'.

\AtBeginShipoutBox=\box30


Package hyperref Warning: Rerun to get /PageLabels entry.

LaTeX Font Info:    Try loading font information for U+msa on input line 156.
(/usr/share/texmf-texlive/tex/latex/amsfonts/umsa.fd
File: umsa.fd 2009/06/22 v3.00 AMS symbols A
)
LaTeX Font Info:    Try loading font information for U+msb on input line 156.

(/usr/share/texmf-texlive/tex/latex/amsfonts/umsb.fd
File: umsb.fd 2009/06/22 v3.00 AMS symbols B
)
Underfull \hbox (badness 10000) in paragraph at lines 165--165

 []

[1

] (./Proposal_JL_020912.toc [2

])
\tf@toc=\write5
\openout5 = `Proposal_JL_020912.toc'.

 [3]
Missing character: There is no ‚ in font cmr12!
Missing character: There is no Ä in font cmr12!
Missing character: There is no ì in font cmr12!
Missing character: There is no ‚ in font cmr12!
Missing character: There is no Ä in font cmr12!
Missing character: There is no ì in font cmr12!


LaTeX Warning: Citation `he2011' on page 4 undefined on input line 197.

[4

]
Missing character: There is no ‚ in font cmr12!
Missing character: There is no Ä in font cmr12!
Missing character: There is no ú in font cmr12!
Missing character: There is no ‚ in font cmr12!
Missing character: There is no Ä in font cmr12!
Missing character: There is no ù in font cmr12!
Missing character: There is no ‚ in font cmr12!
Missing character: There is no Ä in font cmr12!
Missing character: There is no ú in font cmr12!
Missing character: There is no ‚ in font cmr12!
Missing character: There is no Ä in font cmr12!
Missing character: There is no ù in font cmr12!
 [5]
LaTeX Font Info:    Try loading font information for OMS+cmr on input line 255.

 (/usr/share/texmf-texlive/tex/latex/base/omscmr.fd
File: omscmr.fd 1999/05/25 v2.5h Standard LaTeX font definitions
)
LaTeX Font Info:    Font shape `OMS/cmr/m/n' in size <12> not available
(Font)              Font shape `OMS/cmsy/m/n' tried instead on input line 255.
 [6] [7] [8]
File: phonon_diff.eps Graphic file (type eps)

<phonon_diff.eps> [9]

LaTeX Warning: Reference `' on page 10 undefined on input line 429.

[10]
File: flat_dispersion.eps Graphic file (type eps)
 <flat_dispersion.eps>
File: vg_mass_ratio.eps Graphic file (type eps)
 <vg_mass_ratio.eps> [11

] [12]
Missing character: There is no ‚ in font cmr12!
Missing character: There is no Ä in font cmr12!
Missing character: There is no ò in font cmr12!
Missing character: There is no ‚ in font cmr12!
Missing character: There is no Ä in font cmr12!
Missing character: There is no ò in font cmr12!
Missing character: There is no ‚ in font cmr12!
Missing character: There is no Ä in font cmr12!
Missing character: There is no ô in font cmr12!
Missing character: There is no ‚ in font cmr12!
Missing character: There is no Ä in font cmr12!
Missing character: There is no ô in font cmr12!


Package hyperref Warning: Token not allowed in a PDF string (PDFDocEncoding):
(hyperref)                removing `math shift' on input line 581.


Package hyperref Warning: Token not allowed in a PDF string (PDFDocEncoding):
(hyperref)                removing `\infty' on input line 581.


Package hyperref Warning: Token not allowed in a PDF string (PDFDocEncoding):
(hyperref)                removing `math shift' on input line 581.

[13]
Missing character: There is no ‚ in font cmr12!
Missing character: There is no Ä in font cmr12!
Missing character: There is no ô in font cmr12!


LaTeX Warning: Citation `ascroft' on page 14 undefined on input line 595.

File: skutt_lj_model.eps Graphic file (type eps)
<skutt_lj_model.eps> [14]
Missing character: There is no ‚ in font cmr12!
Missing character: There is no Ä in font cmr12!
Missing character: There is no ò in font cmr12!
Missing character: There is no ‚ in font cmr12!
Missing character: There is no Ä in font cmr12!
Missing character: There is no ò in font cmr12!
Missing character: There is no ‚ in font cmr12!
Missing character: There is no Ä in font cmr12!
Missing character: There is no ô in font cmr12!
Missing character: There is no ‚ in font cmr12!
Missing character: There is no Ä in font cmr12!
Missing character: There is no ô in font cmr12!
Missing character: There is no √ in font cmr12!
Missing character: There is no ß in font cmr12!
Missing character: There is no Õ in font cmr12!
Missing character: There is no ë in font cmr12!
Missing character: There is no Õ in font cmr12!
Missing character: There is no í in font cmr12!
 [15]
Overfull \hbox (73.27559pt too wide) in paragraph at lines 706--723
[][] 
 []

[16

]
Missing character: There is no ‚ in font cmr12!
Missing character: There is no Ä in font cmr12!
Missing character: There is no ú in font cmr12!
Missing character: There is no ‚ in font cmr12!
Missing character: There is no Ä in font cmr12!
Missing character: There is no ù in font cmr12!
Missing character: There is no ‚ in font cmr12!
Missing character: There is no Ä in font cmr12!
Missing character: There is no ú in font cmr12!
Missing character: There is no ‚ in font cmr12!
Missing character: There is no Ä in font cmr12!
Missing character: There is no ù in font cmr12!
Missing character: There is no ‚ in font cmr12!
Missing character: There is no Ä in font cmr12!
Missing character: There is no ú in font cmr12!
Missing character: There is no ‚ in font cmr12!
Missing character: There is no Ä in font cmr12!
Missing character: There is no ù in font cmr12!
Missing character: There is no ‚ in font cmr12!
Missing character: There is no Ä in font cmr12!
Missing character: There is no ú in font cmr12!
Missing character: There is no ‚ in font cmr12!
Missing character: There is no Ä in font cmr12!
Missing character: There is no ù in font cmr12!
Missing character: There is no ‚ in font cmr12!
Missing character: There is no Ä in font cmr12!
Missing character: There is no ú in font cmr12!
Missing character: There is no ‚ in font cmr12!
Missing character: There is no Ä in font cmr12!
Missing character: There is no ù in font cmr12!
Missing character: There is no ‚ in font cmr12!
Missing character: There is no Ä in font cmr12!
Missing character: There is no ú in font cmr12!
Missing character: There is no ‚ in font cmr12!
Missing character: There is no Ä in font cmr12!
Missing character: There is no ù in font cmr12!
Missing character: There is no ‚ in font cmr12!
Missing character: There is no Ä in font cmr12!
Missing character: There is no ú in font cmr12!
Missing character: There is no ‚ in font cmr12!
Missing character: There is no Ä in font cmr12!
Missing character: There is no ù in font cmr12!

Overfull \hbox (4.49706pt too wide) in paragraph at lines 777--780
[]\OT1/cmr/m/n/12 Predicting Phonon Prop-er-ties of Sil-i-con from First -Princ
iples Cal-cu-la-tions, J.M. Larkin,
 []

[17

]
Missing character: There is no ‚ in font cmr12!
Missing character: There is no Ä in font cmr12!
Missing character: There is no ú in font cmr12!
Missing character: There is no ‚ in font cmr12!
Missing character: There is no Ä in font cmr12!
Missing character: There is no ù in font cmr12!

Overfull \hbox (2.63457pt too wide) in paragraph at lines 781--784
[]\OT1/cmr/m/n/12 Comparison of Spec-tral En-ergy Meth-ods for Pre-dict-ing Pho
non Prop-er-ties, J.M. Larkin,
 []

Missing character: There is no ‚ in font cmr12!
Missing character: There is no Ä in font cmr12!
Missing character: There is no ú in font cmr12!
Missing character: There is no ‚ in font cmr12!
Missing character: There is no Ä in font cmr12!
Missing character: There is no ù in font cmr12!
Missing character: There is no ‚ in font cmr12!
Missing character: There is no Ä in font cmr12!
Missing character: There is no ú in font cmr12!
Missing character: There is no ‚ in font cmr12!
Missing character: There is no Ä in font cmr12!
Missing character: There is no ù in font cmr12!
Missing character: There is no ‚ in font cmr12!
Missing character: There is no Ä in font cmr12!
Missing character: There is no ú in font cmr12!
Missing character: There is no ‚ in font cmr12!
Missing character: There is no Ä in font cmr12!
Missing character: There is no ù in font cmr12!
Missing character: There is no ‚ in font cmr12!
Missing character: There is no Ä in font cmr12!
Missing character: There is no ú in font cmr12!
Missing character: There is no ‚ in font cmr12!
Missing character: There is no Ä in font cmr12!
Missing character: There is no ù in font cmr12!
Missing character: There is no ‚ in font cmr12!
Missing character: There is no Ä in font cmr12!
Missing character: There is no ú in font cmr12!
Missing character: There is no ‚ in font cmr12!
Missing character: There is no Ä in font cmr12!
Missing character: There is no ù in font cmr12!

Overfull \hbox (1.16792pt too wide) in paragraph at lines 797--800
\OT1/cmr/m/n/12 sional Soap Film Flows, Nicholas Gut-ten-berg (speaker), Nigel 
Gold-en-feld, Ja-son Larkin,
 []

Missing character: There is no ‚ in font cmr12!
Missing character: There is no Ä in font cmr12!
Missing character: There is no ú in font cmr12!
Missing character: There is no ‚ in font cmr12!
Missing character: There is no Ä in font cmr12!
Missing character: There is no ù in font cmr12!
Missing character: There is no ‚ in font cmr12!
Missing character: There is no Ä in font cmr12!
Missing character: There is no ú in font cmr12!
Missing character: There is no ‚ in font cmr12!
Missing character: There is no Ä in font cmr12!
Missing character: There is no ù in font cmr12!
Missing character: There is no ‚ in font cmr12!
Missing character: There is no Ä in font cmr12!
Missing character: There is no ú in font cmr12!
Missing character: There is no ‚ in font cmr12!
Missing character: There is no Ä in font cmr12!
Missing character: There is no ù in font cmr12!
[18] [19]
Missing character: There is no Œ in font cmr12!
Missing character: There is no ì in font cmr12!
Missing character: There is no Õ in font cmr12!
Missing character: There is no ë in font cmr12!
Missing character: There is no ‚ in font cmr12!
Missing character: There is no ê in font cmr12!
Missing character: There is no ª in font cmr12!
Missing character: There is no Õ in font cmr12!
Missing character: There is no í in font cmr12!
Missing character: There is no ‚ in font cmr12!
Missing character: There is no ê in font cmr12!
Missing character: There is no ¨ in font cmr12!
Missing character: There is no Õ in font cmr12!
Missing character: There is no ë in font cmr12!
Missing character: There is no Õ in font cmr12!
Missing character: There is no í in font cmr12!
Missing character: There is no Õ in font cmr12!
Missing character: There is no ë in font cmr12!
Missing character: There is no ‚ in font cmr12!
Missing character: There is no ê in font cmr12!
Missing character: There is no ª in font cmr12!
Missing character: There is no Õ in font cmr12!
Missing character: There is no í in font cmr12!
Missing character: There is no Õ in font cmr12!
Missing character: There is no ë in font cmr12!
Missing character: There is no Õ in font cmr12!
Missing character: There is no í in font cmr12!
Missing character: There is no ‚ in font cmr12!
Missing character: There is no ê in font cmr12!
Missing character: There is no ª in font cmr12!
 [20]
Missing character: There is no Õ in font cmr12!
Missing character: There is no ë in font cmr12!
Missing character: There is no ‚ in font cmr12!
Missing character: There is no ê in font cmr12!
Missing character: There is no ª in font cmr12!
Missing character: There is no Õ in font cmr12!
Missing character: There is no í in font cmr12!
Missing character: There is no Õ in font cmr12!
Missing character: There is no ë in font cmr12!
Missing character: There is no ‚ in font cmr12!
Missing character: There is no ê in font cmr12!
Missing character: There is no ª in font cmr12!
Missing character: There is no Õ in font cmr12!
Missing character: There is no í in font cmr12!
Missing character: There is no Õ in font cmr12!
Missing character: There is no ë in font cmr12!
Missing character: There is no ‚ in font cmr12!
Missing character: There is no ê in font cmr12!
Missing character: There is no ª in font cmr12!
Missing character: There is no Õ in font cmr12!
Missing character: There is no í in font cmr12!
Missing character: There is no Õ in font cmr12!
Missing character: There is no ë in font cmr12!
Missing character: There is no Õ in font cmr12!
Missing character: There is no ì in font cmr12!
Missing character: There is no Õ in font cmr12!
Missing character: There is no î in font cmr12!
Missing character: There is no Õ in font cmr12!
Missing character: There is no í in font cmr12!
Missing character: There is no Õ in font cmr12!
Missing character: There is no ë in font cmr12!
Missing character: There is no ‚ in font cmr12!
Missing character: There is no ê in font cmr12!
Missing character: There is no ª in font cmr12!
Missing character: There is no Õ in font cmr12!
Missing character: There is no í in font cmr12!
Missing character: There is no Õ in font cmr12!
Missing character: There is no ë in font cmr12!
Missing character: There is no ‚ in font cmr12!
Missing character: There is no ê in font cmr12!
Missing character: There is no ª in font cmr12!
Missing character: There is no Õ in font cmr12!
Missing character: There is no í in font cmr12!
Missing character: There is no ‚ in font cmr12!
Missing character: There is no à in font cmr12!
Missing character: There is no í in font cmr12!
Missing character: There is no Õ in font cmr12!
Missing character: There is no ë in font cmr12!
Missing character: There is no ‚ in font cmr12!
Missing character: There is no ê in font cmr12!
Missing character: There is no ª in font cmr12!
Missing character: There is no Õ in font cmr12!
Missing character: There is no í in font cmr12!
Missing character: There is no ‚ in font cmr12!
Missing character: There is no à in font cmr12!
Missing character: There is no í in font cmr12!
Missing character: There is no Õ in font cmr12!
Missing character: There is no ë in font cmr12!
Missing character: There is no ‚ in font cmr12!
Missing character: There is no ê in font cmr12!
Missing character: There is no ª in font cmr12!
Missing character: There is no Õ in font cmr12!
Missing character: There is no í in font cmr12!
Missing character: There is no ‚ in font cmr12!
Missing character: There is no à in font cmr12!
Missing character: There is no í in font cmr12!
Missing character: There is no Õ in font cmr12!
Missing character: There is no ë in font cmr12!
Missing character: There is no Õ in font cmr12!
Missing character: There is no í in font cmr12!
Missing character: There is no Õ in font cmr12!
Missing character: There is no ë in font cmr12!
Missing character: There is no ‚ in font cmr12!
Missing character: There is no ê in font cmr12!
Missing character: There is no ª in font cmr12!
Missing character: There is no Õ in font cmr12!
Missing character: There is no í in font cmr12!
Missing character: There is no Õ in font cmr12!
Missing character: There is no ë in font cmr12!
Missing character: There is no Õ in font cmr12!
Missing character: There is no í in font cmr12!
Missing character: There is no · in font cmr12!
Missing character: There is no ê in font cmr12!
Missing character: There is no â in font cmr12!
Missing character: There is no Õ in font cmr12!
Missing character: There is no ë in font cmr12!
Missing character: There is no ‚ in font cmr12!
Missing character: There is no ê in font cmr12!
Missing character: There is no ª in font cmr12!
Missing character: There is no Õ in font cmr12!
Missing character: There is no í in font cmr12!
Missing character: There is no Õ in font cmr12!
Missing character: There is no ì in font cmr12!
Missing character: There is no Õ in font cmr12!
Missing character: There is no î in font cmr12!
Missing character: There is no Õ in font cmr12!
Missing character: There is no ë in font cmr12!
Missing character: There is no Õ in font cmr12!
Missing character: There is no í in font cmr12!
Missing character: There is no Õ in font cmr12!
Missing character: There is no ë in font cmr12!
Missing character: There is no ‚ in font cmr12!
Missing character: There is no ê in font cmr12!
Missing character: There is no ª in font cmr12!
Missing character: There is no Õ in font cmr12!
Missing character: There is no í in font cmr12!
Missing character: There is no · in font cmr12!
Missing character: There is no ê in font cmr12!
Missing character: There is no â in font cmr12!
Missing character: There is no Õ in font cmr12!
Missing character: There is no ë in font cmr12!
Missing character: There is no ‚ in font cmr12!
Missing character: There is no ê in font cmr12!
Missing character: There is no ª in font cmr12!
Missing character: There is no Õ in font cmr12!
Missing character: There is no í in font cmr12!
Missing character: There is no ‚ in font cmr12!
Missing character: There is no ê in font cmr12!
Missing character: There is no ª in font cmr12!
Missing character: There is no ‚ in font cmr12!
Missing character: There is no à in font cmr12!
Missing character: There is no í in font cmr12!
Missing character: There is no · in font cmr12!
Missing character: There is no ê in font cmr12!
Missing character: There is no â in font cmr12!
Missing character: There is no ‚ in font cmr12!
Missing character: There is no ê in font cmr12!
Missing character: There is no ª in font cmr12!
Missing character: There is no Õ in font cmr12!
Missing character: There is no ë in font cmr12!
Missing character: There is no ‚ in font cmr12!
Missing character: There is no ê in font cmr12!
Missing character: There is no ª in font cmr12!
Missing character: There is no Õ in font cmr12!
Missing character: There is no í in font cmr12!
Missing character: There is no Õ in font cmr12!
Missing character: There is no ì in font cmr12!
Missing character: There is no Õ in font cmr12!
Missing character: There is no î in font cmr12!


LaTeX Warning: Citation `mcquarrie' on page 21 undefined on input line 962.


LaTeX Warning: Citation `mcgaughey2006book' on page 21 undefined on input line 
973.


LaTeX Warning: Citation `julithesis' on page 21 undefined on input line 973.

[21]

LaTeX Warning: Citation `landry2008a' on page 22 undefined on input line 987.


LaTeX Warning: Citation `landry2008a' on page 22 undefined on input line 995.


LaTeX Warning: Citation `landry2008a' on page 22 undefined on input line 1002.

[22] [23] [24] [25]
Overfull \hbox (2.61108pt too wide) detected at line 1283
[] []
 []


LaTeX Warning: Reference `Appendix_C' on page 26 undefined on input line 1287.


LaTeX Warning: Reference `Lorentzian_SED' on page 26 undefined on input line 12
91.

[26]
Overfull \hbox (153.57652pt too wide) in paragraph at lines 1318--1325
[]$\OML/cmm/m/it/12 fori \OT1/cmr/m/n/12 = 1 : \OML/cmm/m/it/12 NUM[]TOMS[]CELL
forj \OT1/cmr/m/n/12 = \OML/cmm/m/it/12 i \OT1/cmr/m/n/12 : \OML/cmm/m/it/12 NU
M[]TOMS[]CELLfork \OT1/cmr/m/n/12 = \OML/cmm/m/it/12 j \OT1/cmr/m/n/12 : \OML/c
mm/m/it/12 NUM[]TOMS[]CELLLD:Phi\OT1/cmr/m/n/12 (\OML/cmm/m/it/12 i; j; k\OT1/c
mr/m/n/12 ) =
 []

[27]
Missing character: There is no ‚ in font cmr12!
Missing character: There is no Ä in font cmr12!
Missing character: There is no ì in font cmr12!
Missing character: There is no ‚ in font cmr12!
Missing character: There is no Ä in font cmr12!
Missing character: There is no ô in font cmr12!
Missing character: There is no ‚ in font cmr12!
Missing character: There is no ê in font cmr12!
Missing character: There is no • in font cmr12!
Missing character: There is no ‚ in font cmr12!
Missing character: There is no ê in font cmr12!
Missing character: There is no ≠ in font cmr12!
Missing character: There is no √ in font cmr12!
Missing character: There is no º in font cmr12!
Missing character: There is no ‚ in font cmr12!
Missing character: There is no ê in font cmr12!
Missing character: There is no ª in font cmr12!
Missing character: There is no ‚ in font cmr12!
Missing character: There is no ê in font cmr12!
Missing character: There is no ≠ in font cmr12!
Missing character: There is no ‚ in font cmr12!
Missing character: There is no ê in font cmr12!
Missing character: There is no ≠ in font cmr12!
Missing character: There is no √ in font cmr12!
Missing character: There is no º in font cmr12!
Missing character: There is no ‚ in font cmr12!
Missing character: There is no ê in font cmr12!
Missing character: There is no ≠ in font cmr12!
Missing character: There is no ‚ in font cmr12!
Missing character: There is no Ä in font cmr12!
Missing character: There is no ô in font cmr12!
 [28] [29] (./Proposal_JL_020912.bbl
Missing character: There is no ñ in font cmr12!
Missing character: There is no ñ in font cmr12!
 [30

] [31] [32]) [33]
(./Proposal_JL_020912.aux)

LaTeX Warning: There were undefined references.


LaTeX Warning: There were multiply-defined labels.

 ) 
Here is how much of TeX's memory you used:
 6881 strings out of 495062
 100188 string characters out of 1182643
 204443 words of memory out of 3000000
 9917 multiletter control sequences out of 15000+50000
 16100 words of font info for 59 fonts, out of 3000000 for 9000
 28 hyphenation exceptions out of 8191
 38i,27n,39p,1660b,418s stack positions out of 5000i,500n,10000p,200000b,50000s

Output written on Proposal_JL_020912.dvi (33 pages, 178752 bytes).
