\BOOKMARK [1][-]{section.1}{Motivation}{}
\BOOKMARK [2][-]{subsection.1.1}{Amorphous Systems}{section.1}
\BOOKMARK [2][-]{subsection.1.2}{Thermoelectric Energy Conversion using Large Unit Cell Skutterudites}{section.1}
\BOOKMARK [2][-]{subsection.1.3}{Large Unit Cell Zeolites for Gas Adsorption }{section.1}
\BOOKMARK [2][-]{subsection.1.4}{Hypothesis}{section.1}
\BOOKMARK [1][-]{section.2}{Background}{}
\BOOKMARK [2][-]{subsection.2.1}{Vibrational Thermal Conductivity}{section.2}
\BOOKMARK [2][-]{subsection.2.2}{Range of Vibrational Thermal Conductivity}{section.2}
\BOOKMARK [1][-]{section.3}{Range of Virbational Conductivity in Lennard-Jones Systems}{}
\BOOKMARK [2][-]{subsection.3.1}{Green-Kubo Predictions}{section.3}
\BOOKMARK [1][-]{section.4}{Disordered Modes}{}
\BOOKMARK [2][-]{subsection.4.1}{Disordered Modes in a Crystal}{section.4}
\BOOKMARK [2][-]{subsection.4.2}{Disordered Modes in a Amorphous}{section.4}
\BOOKMARK [1][-]{section.5}{Preliminary Work}{}
\BOOKMARK [2][-]{subsection.5.1}{Vibrational Thermal Conductivity in Ordered Materials}{section.5}
\BOOKMARK [2][-]{subsection.5.2}{Phonon Scattering Mechanisms}{section.5}
\BOOKMARK [2][-]{subsection.5.3}{Dilute Alloys}{section.5}
\BOOKMARK [2][-]{subsection.5.4}{High Concentration Alloys and Glasses}{section.5}
\BOOKMARK [2][-]{subsection.5.5}{Importance of Phonon Dispersion}{section.5}
\BOOKMARK [2][-]{subsection.5.6}{ Phonons in Amorphous Materials }{section.5}
\BOOKMARK [1][-]{section.6}{Proposed Work}{}
\BOOKMARK [2][-]{subsection.6.1}{Quantify Thermal Transport in Amorphous and Disordered Materials}{section.6}
\BOOKMARK [3][-]{subsubsection.6.1.1}{Outcomes}{subsection.6.1}
\BOOKMARK [2][-]{subsection.6.2}{Investigate Thermal Transport in LUC Zeolites and Skutterudites}{section.6}
\BOOKMARK [3][-]{subsubsection.6.2.1}{Outcomes}{subsection.6.2}
\BOOKMARK [1][-]{section.7}{Outcomes and schedule}{}
\BOOKMARK [1][-]{section.8}{Biographical Sketch}{}
\BOOKMARK [1][-]{appendix.A}{Predicting Phonon Properties}{}
\BOOKMARK [2][-]{subsection.A.1}{Vibrations in Ordered Solids}{appendix.A}
\BOOKMARK [2][-]{subsection.A.2}{Predicting Phonon Lifetimes using Spectral Energy Denisty}{appendix.A}
\BOOKMARK [2][-]{subsection.A.3}{Allowed Wavevectors in Ordered Systems}{appendix.A}
\BOOKMARK [2][-]{subsection.A.4}{Predicting Spectral Energy Density from Molecular Dynamics Simulations}{appendix.A}
\BOOKMARK [2][-]{subsection.A.5}{Thermal Conductivity}{appendix.A}
\BOOKMARK [1][-]{appendix.B}{Finite Simulation-Size Scaling for Thermal Conductivity}{}
\BOOKMARK [1][-]{appendix.C}{Derivation of Phonon Spectral Energy Density}{}
\BOOKMARK [1][-]{equation.C.57}{8 \040 References}{}
