\BOOKMARK [0][-]{chapter.1}{1 Introduction}{}% 1
\BOOKMARK [1][-]{section.1.1}{1.1 Motivation}{chapter.1}% 2
\BOOKMARK [1][-]{section.1.2}{1.2 \040Vibrational Modes: Phonons, Propagons, Diffusons, and Locons}{chapter.1}% 3
\BOOKMARK [1][-]{section.1.3}{1.3 \040System-level versus Mode-level Predictions}{chapter.1}% 4
\BOOKMARK [2][-]{subsection.1.3.1}{1.3.1 \040System-level Prediction}{section.1.3}% 5
\BOOKMARK [2][-]{subsection.1.3.2}{1.3.2 Mode-level Prediction}{section.1.3}% 6
\BOOKMARK [2][-]{subsection.1.3.3}{1.3.3 \040Computational Cost vesus Predictive Ability}{section.1.3}% 7
\BOOKMARK [1][-]{section.1.4}{1.4 \040Overview and Scope}{chapter.1}% 8
\BOOKMARK [0][-]{chapter.2}{2 Vibrational Lifetimes from Molecular Dynamics}{}% 9
\BOOKMARK [1][-]{section.2.1}{2.1 Introduction}{chapter.2}% 10
\BOOKMARK [1][-]{section.2.2}{2.2 Phonon Spectral Energy Density}{chapter.2}% 11
\BOOKMARK [2][-]{subsection.2.2.1}{2.2.1 As Derived from Normal Mode Coordinates, }{section.2.2}% 12
\BOOKMARK [2][-]{subsection.2.2.2}{2.2.2 Formulation in the Time-Domain}{section.2.2}% 13
\BOOKMARK [2][-]{subsection.2.2.3}{2.2.3 Alternative Formulation, '}{section.2.2}% 14
\BOOKMARK [1][-]{section.2.3}{2.3 Computational Details}{chapter.2}% 15
\BOOKMARK [2][-]{subsection.2.3.1}{2.3.1 Allowed Wavevectors}{section.2.3}% 16
\BOOKMARK [2][-]{subsection.2.3.2}{2.3.2 Phonon Lifetimes and Frequencies}{section.2.3}% 17
\BOOKMARK [2][-]{subsection.2.3.3}{2.3.3 Thermal Conductivity}{section.2.3}% 18
\BOOKMARK [2][-]{subsection.2.3.4}{2.3.4 Computational Cost and Work Flow Optimization}{section.2.3}% 19
\BOOKMARK [1][-]{section.2.4}{2.4 Case Studies}{chapter.2}% 20
\BOOKMARK [2][-]{subsection.2.4.1}{2.4.1 Lennard-Jones Argon}{section.2.4}% 21
\BOOKMARK [2][-]{subsection.2.4.2}{2.4.2 Stillinger-Weber Silicon}{section.2.4}% 22
\BOOKMARK [2][-]{subsection.2.4.3}{2.4.3 Carbon Nanotube}{section.2.4}% 23
\BOOKMARK [1][-]{section.2.5}{2.5 Summary}{chapter.2}% 24
\BOOKMARK [0][-]{chapter.3}{3 Predicting Alloy Vibrational Mode Properties using Lattice Dynamics Calculations, Molecular Dynamics Simulations, and the Virtual Crystal Approximation}{}% 25
\BOOKMARK [1][-]{section.3.1}{3.1 Introduction}{chapter.3}% 26
\BOOKMARK [1][-]{section.3.2}{3.2 Theoretical and Computational Framework}{chapter.3}% 27
\BOOKMARK [2][-]{subsection.3.2.1}{3.2.1 \040Thermal Conductivity Prediction}{section.3.2}% 28
\BOOKMARK [2][-]{subsection.3.2.2}{3.2.2 Virtual Crystal Approximation}{section.3.2}% 29
\BOOKMARK [2][-]{subsection.3.2.3}{3.2.3 Calculation and Simulation Details}{section.3.2}% 30
\BOOKMARK [1][-]{section.3.3}{3.3 \040Vibrational Mode Properties in Alloys}{chapter.3}% 31
\BOOKMARK [2][-]{subsection.3.3.1}{3.3.1 Density of States}{section.3.3}% 32
\BOOKMARK [2][-]{subsection.3.3.2}{3.3.2 Dispersion and Group Velocity}{section.3.3}% 33
\BOOKMARK [2][-]{subsection.3.3.3}{3.3.3 Lifetimes}{section.3.3}% 34
\BOOKMARK [3][-]{subsubsection.3.3.3.1}{3.3.3.1 From VC-NMD and Gamma-NMD}{subsection.3.3.3}% 35
\BOOKMARK [3][-]{subsubsection.3.3.3.2}{3.3.3.2 From VC-ALD}{subsection.3.3.3}% 36
\BOOKMARK [2][-]{subsection.3.3.4}{3.3.4 \040Diffusivities}{section.3.3}% 37
\BOOKMARK [2][-]{subsection.3.3.5}{3.3.5 Discussion}{section.3.3}% 38
\BOOKMARK [1][-]{section.3.4}{3.4 Thermal Conductivity Prediction}{chapter.3}% 39
\BOOKMARK [1][-]{section.3.5}{3.5 SW silicon}{chapter.3}% 40
\BOOKMARK [1][-]{section.3.6}{3.6 Summary}{chapter.3}% 41
\BOOKMARK [0][-]{chapter.4}{4 \040Thermal Conductivity Accumulation in Amorphous Materials}{}% 42
\BOOKMARK [1][-]{section.4.1}{4.1 Introduction}{chapter.4}% 43
\BOOKMARK [1][-]{section.4.2}{4.2 Theoretical Formulation of Vibrational Thermal Conductivity}{chapter.4}% 44
\BOOKMARK [1][-]{section.4.3}{4.3 Calculation Details}{chapter.4}% 45
\BOOKMARK [2][-]{subsection.4.3.1}{4.3.1 Sample Preparation}{section.4.3}% 46
\BOOKMARK [2][-]{subsection.4.3.2}{4.3.2 Simulation Details}{section.4.3}% 47
\BOOKMARK [1][-]{section.4.4}{4.4 Vibrational Mode Properties}{chapter.4}% 48
\BOOKMARK [2][-]{subsection.4.4.1}{4.4.1 Density of States}{section.4.4}% 49
\BOOKMARK [2][-]{subsection.4.4.2}{4.4.2 Structure Factor}{section.4.4}% 50
\BOOKMARK [2][-]{subsection.4.4.3}{4.4.3 Sound Speed}{section.4.4}% 51
\BOOKMARK [2][-]{subsection.4.4.4}{4.4.4 Lifetimes}{section.4.4}% 52
\BOOKMARK [2][-]{subsection.4.4.5}{4.4.5 Diffusivities}{section.4.4}% 53
\BOOKMARK [1][-]{section.4.5}{4.5 Thermal Conductivity}{chapter.4}% 54
\BOOKMARK [2][-]{subsection.4.5.1}{4.5.1 Bulk}{section.4.5}% 55
\BOOKMARK [2][-]{subsection.4.5.2}{4.5.2 Accumulation Function}{section.4.5}% 56
\BOOKMARK [1][-]{section.4.6}{4.6 Summary}{chapter.4}% 57
\BOOKMARK [0][-]{chapter.5}{5 Conclusion}{}% 58
\BOOKMARK [1][-]{section.5.1}{5.1 Overview and Contributions}{chapter.5}% 59
\BOOKMARK [2][-]{subsection.5.1.1}{5.1.1 \040Molecular Dynamics-based Methods for Predicting Lifetimes}{section.5.1}% 60
\BOOKMARK [2][-]{subsection.5.1.2}{5.1.2 \040Thermal Transport in Alloys and the High-scatter Limit}{section.5.1}% 61
\BOOKMARK [2][-]{subsection.5.1.3}{5.1.3 \040Mean Free Paths of Propagating Modes in Amorphous Materials}{section.5.1}% 62
\BOOKMARK [2][-]{subsection.5.1.4}{5.1.4 \040Predictive Ability versus Computational Cost}{section.5.1}% 63
\BOOKMARK [1][-]{section.5.2}{5.2 Future Work}{chapter.5}% 64
\BOOKMARK [2][-]{subsection.5.2.1}{5.2.1 Large Unit Cell Materials}{section.5.2}% 65
\BOOKMARK [2][-]{subsection.5.2.2}{5.2.2 \040Lifetimes from Larger MD Simulations}{section.5.2}% 66
\BOOKMARK [3][-]{subsubsection.5.2.2.1}{5.2.2.1 \040Exact Normal Modes}{subsection.5.2.2}% 67
\BOOKMARK [3][-]{subsubsection.5.2.2.2}{5.2.2.2 \040Dynamic Structure Factor}{subsection.5.2.2}% 68
\BOOKMARK [2][-]{subsection.5.2.3}{5.2.3 \040Comprehensive Package for Thermal Transport Calculations}{section.5.2}% 69
\BOOKMARK [0][-]{appendix.A}{A Computational Details}{}% 70
\BOOKMARK [1][-]{section.A.1}{A.1 \040Derivation of Phonon Spectral Energy Density, }{appendix.A}% 71
\BOOKMARK [1][-]{section.A.2}{A.2 Interpretation of '}{appendix.A}% 72
\BOOKMARK [1][-]{section.A.3}{A.3 NMD using Non-Exact Normal Modes}{appendix.A}% 73
\BOOKMARK [1][-]{section.A.4}{A.4 Effect of Metastability for Amorphous Solids on Normal Mode Decomposition}{appendix.A}% 74
\BOOKMARK [1][-]{section.A.5}{A.5 Finite Simulation-Size Scaling for Thermal Conductivity}{appendix.A}% 75
\BOOKMARK [0][-]{appendix*.6}{Bibliography}{}% 76
