This is pdfTeX, Version 3.1415926-2.4-1.40.13 (TeX Live 2012/Debian) (format=latex 2013.4.23)  16 AUG 2013 13:41
entering extended mode
 restricted \write18 enabled.
 %&-line parsing enabled.
**cmuthesis_jlarkin.tex
(./cmuthesis_jlarkin.tex
LaTeX2e <2011/06/27>
Babel <v3.8m> and hyphenation patterns for english, dumylang, nohyphenation, lo
aded.
(./cmuthesis.cls (/usr/share/texlive/texmf-dist/tex/latex/base/book.cls
Document Class: book 2007/10/19 v1.4h Standard LaTeX document class
(/usr/share/texlive/texmf-dist/tex/latex/base/bk12.clo
File: bk12.clo 2007/10/19 v1.4h Standard LaTeX file (size option)
)
\c@part=\count79
\c@chapter=\count80
\c@section=\count81
\c@subsection=\count82
\c@subsubsection=\count83
\c@paragraph=\count84
\c@subparagraph=\count85
\c@figure=\count86
\c@table=\count87
\abovecaptionskip=\skip41
\belowcaptionskip=\skip42
\bibindent=\dimen102
)
\@copyrightbox=\box26
\@measbox=\box27

(/usr/share/texlive/texmf-dist/tex/latex/graphics/graphicx.sty
Package: graphicx 1999/02/16 v1.0f Enhanced LaTeX Graphics (DPC,SPQR)

(/usr/share/texlive/texmf-dist/tex/latex/graphics/keyval.sty
Package: keyval 1999/03/16 v1.13 key=value parser (DPC)
\KV@toks@=\toks14
)
(/usr/share/texlive/texmf-dist/tex/latex/graphics/graphics.sty
Package: graphics 2009/02/05 v1.0o Standard LaTeX Graphics (DPC,SPQR)

(/usr/share/texlive/texmf-dist/tex/latex/graphics/trig.sty
Package: trig 1999/03/16 v1.09 sin cos tan (DPC)
)
(/usr/share/texlive/texmf-dist/tex/latex/latexconfig/graphics.cfg
File: graphics.cfg 2010/04/23 v1.9 graphics configuration of TeX Live
)
Package graphics Info: Driver file: dvips.def on input line 91.

(/usr/share/texlive/texmf-dist/tex/latex/graphics/dvips.def
File: dvips.def 1999/02/16 v3.0i Driver-dependant file (DPC,SPQR)
))
\Gin@req@height=\dimen103
\Gin@req@width=\dimen104
)
(/usr/share/texlive/texmf-dist/tex/latex/eso-pic/eso-pic.sty
Package: eso-pic 2010/10/06 v2.0c eso-pic (RN)

(/usr/share/texlive/texmf-dist/tex/generic/oberdiek/atbegshi.sty
Package: atbegshi 2011/10/05 v1.16 At begin shipout hook (HO)

(/usr/share/texlive/texmf-dist/tex/generic/oberdiek/infwarerr.sty
Package: infwarerr 2010/04/08 v1.3 Providing info/warning/error messages (HO)
)
(/usr/share/texlive/texmf-dist/tex/generic/oberdiek/ltxcmds.sty
Package: ltxcmds 2011/11/09 v1.22 LaTeX kernel commands for general use (HO)
)
(/usr/share/texlive/texmf-dist/tex/generic/oberdiek/ifpdf.sty
Package: ifpdf 2011/01/30 v2.3 Provides the ifpdf switch (HO)
Package ifpdf Info: pdfTeX in PDF mode is not detected.
))
(/usr/share/texmf/tex/latex/xcolor/xcolor.sty
Package: xcolor 2007/01/21 v2.11 LaTeX color extensions (UK)

(/usr/share/texlive/texmf-dist/tex/latex/latexconfig/color.cfg
File: color.cfg 2007/01/18 v1.5 color configuration of teTeX/TeXLive
)
Package xcolor Info: Driver file: dvips.def on input line 225.
Package xcolor Info: Model `cmy' substituted by `cmy0' on input line 1337.
Package xcolor Info: Model `RGB' extended on input line 1353.
Package xcolor Info: Model `HTML' substituted by `rgb' on input line 1355.
Package xcolor Info: Model `Hsb' substituted by `hsb' on input line 1356.
Package xcolor Info: Model `tHsb' substituted by `hsb' on input line 1357.
Package xcolor Info: Model `HSB' substituted by `hsb' on input line 1358.
Package xcolor Info: Model `Gray' substituted by `gray' on input line 1359.
Package xcolor Info: Model `wave' substituted by `hsb' on input line 1360.
)))
(/usr/share/texlive/texmf-dist/tex/latex/setspace/setspace.sty
Package: setspace 2011/12/19 v6.7a set line spacing
)
(/usr/share/texlive/texmf-dist/tex/latex/psnfss/times.sty
Package: times 2005/04/12 PSNFSS-v9.2a (SPQR) 
) (./fullpage.sty
Package: fullpage 1999/02/23 1.1 (PWD)
\FP@margin=\skip43
)
(/usr/share/texlive/texmf-dist/tex/latex/natbib/natbib.sty
Package: natbib 2010/09/13 8.31b (PWD, AO)
\bibhang=\skip44
\bibsep=\skip45
LaTeX Info: Redefining \cite on input line 694.
\c@NAT@ctr=\count88
)
(/usr/share/texlive/texmf-dist/tex/latex/hyperref/hyperref.sty
Package: hyperref 2012/05/13 v6.82q Hypertext links for LaTeX

(/usr/share/texlive/texmf-dist/tex/generic/oberdiek/hobsub-hyperref.sty
Package: hobsub-hyperref 2012/05/28 v1.13 Bundle oberdiek, subset hyperref (HO)


(/usr/share/texlive/texmf-dist/tex/generic/oberdiek/hobsub-generic.sty
Package: hobsub-generic 2012/05/28 v1.13 Bundle oberdiek, subset generic (HO)
Package: hobsub 2012/05/28 v1.13 Construct package bundles (HO)
Package hobsub Info: Skipping package `infwarerr' (already loaded).
Package hobsub Info: Skipping package `ltxcmds' (already loaded).
Package: ifluatex 2010/03/01 v1.3 Provides the ifluatex switch (HO)
Package ifluatex Info: LuaTeX not detected.
Package: ifvtex 2010/03/01 v1.5 Detect VTeX and its facilities (HO)
Package ifvtex Info: VTeX not detected.
Package: intcalc 2007/09/27 v1.1 Expandable calculations with integers (HO)
Package hobsub Info: Skipping package `ifpdf' (already loaded).
Package: etexcmds 2011/02/16 v1.5 Avoid name clashes with e-TeX commands (HO)
Package etexcmds Info: Could not find \expanded.
(etexcmds)             That can mean that you are not using pdfTeX 1.50 or
(etexcmds)             that some package has redefined \expanded.
(etexcmds)             In the latter case, load this package earlier.
Package: kvsetkeys 2012/04/25 v1.16 Key value parser (HO)
Package: kvdefinekeys 2011/04/07 v1.3 Define keys (HO)
Package: pdftexcmds 2011/11/29 v0.20 Utility functions of pdfTeX for LuaTeX (HO
)
Package pdftexcmds Info: LuaTeX not detected.
Package pdftexcmds Info: \pdf@primitive is available.
Package pdftexcmds Info: \pdf@ifprimitive is available.
Package pdftexcmds Info: \pdfdraftmode is ignored in DVI mode.
Package: pdfescape 2011/11/25 v1.13 Implements pdfTeX's escape features (HO)
Package: bigintcalc 2012/04/08 v1.3 Expandable calculations on big integers (HO
)
Package: bitset 2011/01/30 v1.1 Handle bit-vector datatype (HO)
Package: uniquecounter 2011/01/30 v1.2 Provide unlimited unique counter (HO)
)
Package hobsub Info: Skipping package `hobsub' (already loaded).
Package: letltxmacro 2010/09/02 v1.4 Let assignment for LaTeX macros (HO)
Package: hopatch 2012/05/28 v1.2 Wrapper for package hooks (HO)
Package: xcolor-patch 2011/01/30 xcolor patch
Package: atveryend 2011/06/30 v1.8 Hooks at the very end of document (HO)
Package atveryend Info: \enddocument detected (standard20110627).
Package hobsub Info: Skipping package `atbegshi' (already loaded).
Package: refcount 2011/10/16 v3.4 Data extraction from label references (HO)
Package: hycolor 2011/01/30 v1.7 Color options for hyperref/bookmark (HO)
)
(/usr/share/texlive/texmf-dist/tex/generic/ifxetex/ifxetex.sty
Package: ifxetex 2010/09/12 v0.6 Provides ifxetex conditional
)
(/usr/share/texlive/texmf-dist/tex/latex/oberdiek/kvoptions.sty
Package: kvoptions 2011/06/30 v3.11 Key value format for package options (HO)
)
\@linkdim=\dimen105
\Hy@linkcounter=\count89
\Hy@pagecounter=\count90

(/usr/share/texlive/texmf-dist/tex/latex/hyperref/pd1enc.def
File: pd1enc.def 2012/05/13 v6.82q Hyperref: PDFDocEncoding definition (HO)
)
\Hy@SavedSpaceFactor=\count91

(/usr/share/texlive/texmf-dist/tex/latex/latexconfig/hyperref.cfg
File: hyperref.cfg 2002/06/06 v1.2 hyperref configuration of TeXLive
)
Package hyperref Info: Option `breaklinks' set `true' on input line 3941.
Package hyperref Info: Option `pageanchor' set `true' on input line 3941.
Package hyperref Info: Option `plainpages' set `false' on input line 3941.
Package hyperref Info: Option `pdfpagelabels' set `true' on input line 3941.
Package hyperref Info: Option `bookmarks' set `true' on input line 3941.
Package hyperref Info: Option `bookmarksnumbered' set `true' on input line 3941
.


Package hyperref Warning: Invalid value `000'
(hyperref)                for option `pdfborder'.
(hyperref)                Option setting is ignored on input line 3941.

Package hyperref Info: Hyper figures OFF on input line 4062.
Package hyperref Info: Link nesting OFF on input line 4067.
Package hyperref Info: Hyper index ON on input line 4070.
Package hyperref Info: Plain pages OFF on input line 4077.
Package hyperref Info: Backreferencing ON on input line 4080.
Package hyperref Info: Implicit mode ON; LaTeX internals redefined.
Package hyperref Info: Bookmarks ON on input line 4300.
(/usr/share/texlive/texmf-dist/tex/latex/hyperref/backref.sty
Package: backref 2010/08/30 v1.36 Bibliographical back referencing

(/usr/share/texlive/texmf-dist/tex/latex/oberdiek/rerunfilecheck.sty
Package: rerunfilecheck 2011/04/15 v1.7 Rerun checks for auxiliary files (HO)
Package uniquecounter Info: New unique counter `rerunfilecheck' on input line 2
82.
))
\c@Hy@tempcnt=\count92

(/usr/share/texlive/texmf-dist/tex/latex/url/url.sty
\Urlmuskip=\muskip10
Package: url 2006/04/12  ver 3.3  Verb mode for urls, etc.
)
LaTeX Info: Redefining \url on input line 4653.
\Fld@menulength=\count93
\Field@Width=\dimen106
\Fld@charsize=\dimen107
Package hyperref Info: Hyper figures OFF on input line 5773.
Package hyperref Info: Link nesting OFF on input line 5778.
Package hyperref Info: Hyper index ON on input line 5781.
Package hyperref Info: backreferencing ON on input line 5786.
Package hyperref Info: Link coloring OFF on input line 5793.
Package hyperref Info: Link coloring with OCG OFF on input line 5798.
Package hyperref Info: PDF/A mode OFF on input line 5803.
LaTeX Info: Redefining \ref on input line 5843.
LaTeX Info: Redefining \pageref on input line 5847.
\Hy@abspage=\count94
\c@Item=\count95
\c@Hfootnote=\count96
)

Package hyperref Message: Driver (default): hdvips.

(/usr/share/texlive/texmf-dist/tex/latex/hyperref/hdvips.def
File: hdvips.def 2012/05/13 v6.82q Hyperref driver for dvips

(/usr/share/texlive/texmf-dist/tex/latex/hyperref/pdfmark.def
File: pdfmark.def 2012/05/13 v6.82q Hyperref definitions for pdfmark specials


Package hyperref Warning: You have enabled option `breaklinks'.
(hyperref)                But driver `hdvips.def' does not suppport this.
(hyperref)                Expect trouble with the link areas of broken links.

\pdf@docset=\toks15
\pdf@box=\box28
\pdf@toks=\toks16
\pdf@defaulttoks=\toks17
\Fld@listcount=\count97
\c@bookmark@seq@number=\count98
\Hy@SectionHShift=\skip46
)) (./subfigure.sty
\c@subfigure=\count99
) (./comment.sty Excluding comment 'comment')
(/usr/share/texlive/texmf-dist/tex/latex/listings/listings.sty
\lst@mode=\count100
\lst@gtempboxa=\box29
\lst@token=\toks18
\lst@length=\count101
\lst@currlwidth=\dimen108
\lst@column=\count102
\lst@pos=\count103
\lst@lostspace=\dimen109
\lst@width=\dimen110
\lst@newlines=\count104
\lst@lineno=\count105
\lst@maxwidth=\dimen111

(/usr/share/texlive/texmf-dist/tex/latex/listings/lstmisc.sty
File: lstmisc.sty 2007/02/22 1.4 (Carsten Heinz)
\c@lstnumber=\count106
\lst@skipnumbers=\count107
\lst@framebox=\box30
)
(/usr/share/texlive/texmf-dist/tex/latex/listings/listings.cfg
File: listings.cfg 2007/02/22 1.4 listings configuration
))
Package: listings 2007/02/22 1.4 (Carsten Heinz)

(/usr/share/texlive/texmf-dist/tex/latex/listings/lstlang1.sty
File: lstlang1.sty 2004/09/05 1.3 listings language file
)
(/usr/share/texlive/texmf-dist/tex/latex/listings/lstlang1.sty
File: lstlang1.sty 2004/09/05 1.3 listings language file
)
(/usr/share/texlive/texmf-dist/tex/latex/geometry/geometry.sty
Package: geometry 2010/09/12 v5.6 Page Geometry
\Gm@cnth=\count108
\Gm@cntv=\count109
\c@Gm@tempcnt=\count110
\Gm@bindingoffset=\dimen112
\Gm@wd@mp=\dimen113
\Gm@odd@mp=\dimen114
\Gm@even@mp=\dimen115
\Gm@layoutwidth=\dimen116
\Gm@layoutheight=\dimen117
\Gm@layouthoffset=\dimen118
\Gm@layoutvoffset=\dimen119
\Gm@dimlist=\toks19
)
(/usr/share/texmf/tex/latex/iop/multirow.sty
\bigstrutjot=\dimen120
)
(/usr/share/texlive/texmf-dist/tex/latex/booktabs/booktabs.sty
Package: booktabs 2005/04/14 v1.61803 publication quality tables
\heavyrulewidth=\dimen121
\lightrulewidth=\dimen122
\cmidrulewidth=\dimen123
\belowrulesep=\dimen124
\belowbottomsep=\dimen125
\aboverulesep=\dimen126
\abovetopsep=\dimen127
\cmidrulesep=\dimen128
\cmidrulekern=\dimen129
\defaultaddspace=\dimen130
\@cmidla=\count111
\@cmidlb=\count112
\@aboverulesep=\dimen131
\@belowrulesep=\dimen132
\@thisruleclass=\count113
\@lastruleclass=\count114
\@thisrulewidth=\dimen133
)
(/usr/share/texlive/texmf-dist/tex/latex/tools/bm.sty
Package: bm 2004/02/26 v1.1c Bold Symbol Support (DPC/FMi)
\symboldoperators=\mathgroup4
\symboldletters=\mathgroup5
\symboldsymbols=\mathgroup6
LaTeX Font Info:    Redeclaring math alphabet \mathbf on input line 138.
LaTeX Info: Redefining \bm on input line 204.
)
(/usr/share/texlive/texmf-dist/tex/latex/amsmath/amsbsy.sty
Package: amsbsy 1999/11/29 v1.2d

(/usr/share/texlive/texmf-dist/tex/latex/amsmath/amsgen.sty
File: amsgen.sty 1999/11/30 v2.0
\@emptytoks=\toks20
\ex@=\dimen134
)
LaTeX Info: Redefining \boldsymbol on input line 54.
\pmbraise@=\dimen135
)
(/usr/share/texlive/texmf-dist/tex/latex/amsmath/amsmath.sty
Package: amsmath 2000/07/18 v2.13 AMS math features
\@mathmargin=\skip47

For additional information on amsmath, use the `?' option.
(/usr/share/texlive/texmf-dist/tex/latex/amsmath/amstext.sty
Package: amstext 2000/06/29 v2.01
)
(/usr/share/texlive/texmf-dist/tex/latex/amsmath/amsopn.sty
Package: amsopn 1999/12/14 v2.01 operator names
)
\inf@bad=\count115
LaTeX Info: Redefining \frac on input line 211.
\uproot@=\count116
\leftroot@=\count117
LaTeX Info: Redefining \overline on input line 307.
\classnum@=\count118
\DOTSCASE@=\count119
LaTeX Info: Redefining \ldots on input line 379.
LaTeX Info: Redefining \dots on input line 382.
LaTeX Info: Redefining \cdots on input line 467.
\Mathstrutbox@=\box31
\strutbox@=\box32
\big@size=\dimen136
LaTeX Font Info:    Redeclaring font encoding OML on input line 567.
LaTeX Font Info:    Redeclaring font encoding OMS on input line 568.
\macc@depth=\count120
\c@MaxMatrixCols=\count121
\dotsspace@=\muskip11
\c@parentequation=\count122
\dspbrk@lvl=\count123
\tag@help=\toks21
\row@=\count124
\column@=\count125
\maxfields@=\count126
\andhelp@=\toks22
\eqnshift@=\dimen137
\alignsep@=\dimen138
\tagshift@=\dimen139
\tagwidth@=\dimen140
\totwidth@=\dimen141
\lineht@=\dimen142
\@envbody=\toks23
\multlinegap=\skip48
\multlinetaggap=\skip49
\mathdisplay@stack=\toks24
LaTeX Info: Redefining \[ on input line 2666.
LaTeX Info: Redefining \] on input line 2667.
)
(/usr/share/texlive/texmf-dist/tex/latex/amsfonts/amssymb.sty
Package: amssymb 2009/06/22 v3.00

(/usr/share/texlive/texmf-dist/tex/latex/amsfonts/amsfonts.sty
Package: amsfonts 2009/06/22 v3.00 Basic AMSFonts support
\symAMSa=\mathgroup7
\symAMSb=\mathgroup8
LaTeX Font Info:    Overwriting math alphabet `\mathfrak' in version `bold'
(Font)                  U/euf/m/n --> U/euf/b/n on input line 96.
))
(/usr/share/texlive/texmf-dist/tex/latex/base/ifthen.sty
Package: ifthen 2001/05/26 v1.1c Standard LaTeX ifthen package (DPC)
)
(./cmuthesis_jlarkin.aux

LaTeX Warning: Label `EQ:M:k_AF,HS' multiply defined.


LaTeX Warning: Label `F:supercells' multiply defined.


LaTeX Warning: Label `T:cond_table' multiply defined.


LaTeX Warning: Label `S:Introduction' multiply defined.


LaTeX Warning: Label `S:Calculation' multiply defined.


LaTeX Warning: Label `S:Vibrational' multiply defined.


LaTeX Warning: Label `EQ:SLT' multiply defined.


LaTeX Warning: Label `EQ:EL' multiply defined.


LaTeX Warning: Label `EQ:ET' multiply defined.


LaTeX Warning: Label `EQ:qdot' multiply defined.


LaTeX Warning: Label `S:Diffusivities' multiply defined.


LaTeX Warning: Label `A:E:equipartition' multiply defined.


LaTeX Warning: Label `A:unitcell' multiply defined.


LaTeX Warning: Label `A:unitcell' multiply defined.

)
\openout1 = `cmuthesis_jlarkin.aux'.

LaTeX Font Info:    Checking defaults for OML/cmm/m/it on input line 345.
LaTeX Font Info:    ... okay on input line 345.
LaTeX Font Info:    Checking defaults for T1/cmr/m/n on input line 345.
LaTeX Font Info:    ... okay on input line 345.
LaTeX Font Info:    Checking defaults for OT1/cmr/m/n on input line 345.
LaTeX Font Info:    ... okay on input line 345.
LaTeX Font Info:    Checking defaults for OMS/cmsy/m/n on input line 345.
LaTeX Font Info:    ... okay on input line 345.
LaTeX Font Info:    Checking defaults for OMX/cmex/m/n on input line 345.
LaTeX Font Info:    ... okay on input line 345.
LaTeX Font Info:    Checking defaults for U/cmr/m/n on input line 345.
LaTeX Font Info:    ... okay on input line 345.
LaTeX Font Info:    Checking defaults for PD1/pdf/m/n on input line 345.
LaTeX Font Info:    ... okay on input line 345.
LaTeX Font Info:    Try loading font information for OT1+ptm on input line 345.

 (/usr/share/texlive/texmf-dist/tex/latex/psnfss/ot1ptm.fd
File: ot1ptm.fd 2001/06/04 font definitions for OT1/ptm.
)
\AtBeginShipoutBox=\box33
Package backref Info: ** backref set up for natbib ** on input line 345.
Package hyperref Info: Link coloring OFF on input line 345.

(/usr/share/texlive/texmf-dist/tex/latex/hyperref/nameref.sty
Package: nameref 2010/04/30 v2.40 Cross-referencing by name of section

(/usr/share/texlive/texmf-dist/tex/generic/oberdiek/gettitlestring.sty
Package: gettitlestring 2010/12/03 v1.4 Cleanup title references (HO)
)
\c@section@level=\count127
)
LaTeX Info: Redefining \ref on input line 345.
LaTeX Info: Redefining \pageref on input line 345.
LaTeX Info: Redefining \nameref on input line 345.

(./cmuthesis_jlarkin.out) (./cmuthesis_jlarkin.out)
\@outlinefile=\write3
\openout3 = `cmuthesis_jlarkin.out'.

\c@lstlisting=\count128

*geometry* driver: auto-detecting
*geometry* detected driver: dvips
*geometry* verbose mode - [ preamble ] result:
* driver: dvips
* paper: letterpaper
* layout: <same size as paper>
* layoutoffset:(h,v)=(0.0pt,0.0pt)
* hratio: 1:1
* modes: twoside 
* h-part:(L,W,R)=(76.78688pt, 460.72124pt, 76.78688pt)
* v-part:(T,H,B)=(63.59662pt, 635.97841pt, 95.39496pt)
* \paperwidth=614.295pt
* \paperheight=794.96999pt
* \textwidth=460.72124pt
* \textheight=635.97841pt
* \oddsidemargin=4.51689pt
* \evensidemargin=4.51689pt
* \topmargin=-8.67337pt
* \headheight=0.0pt
* \headsep=0.0pt
* \topskip=12.0pt
* \footskip=30.0pt
* \marginparwidth=0.0pt
* \marginparsep=0.0pt
* \columnsep=10.0pt
* \skip\footins=10.8pt plus 4.0pt minus 2.0pt
* \hoffset=0.0pt
* \voffset=0.0pt
* \mag=1000
* \@twocolumnfalse
* \@twosidetrue
* \@mparswitchtrue
* \@reversemarginfalse
* (1in=72.27pt=25.4mm, 1cm=28.453pt)

\@cutoutvskip=\skip50
LaTeX Font Info:    Font shape `OT1/ptm/bx/n' in size <17.28> not available
(Font)              Font shape `OT1/ptm/b/n' tried instead on input line 386.
LaTeX Font Info:    Try loading font information for U+msa on input line 386.
(/usr/share/texlive/texmf-dist/tex/latex/amsfonts/umsa.fd
File: umsa.fd 2009/06/22 v3.00 AMS symbols A
)
LaTeX Font Info:    Try loading font information for U+msb on input line 386.

(/usr/share/texlive/texmf-dist/tex/latex/amsfonts/umsb.fd
File: umsb.fd 2009/06/22 v3.00 AMS symbols B
)
LaTeX Font Info:    Font shape `OT1/ptm/bx/n' in size <12> not available
(Font)              Font shape `OT1/ptm/b/n' tried instead on input line 386.
LaTeX Font Info:    Try loading font information for OMS+ptm on input line 386.


(/usr/share/texlive/texmf-dist/tex/latex/psnfss/omsptm.fd
File: omsptm.fd 
)
LaTeX Font Info:    Font shape `OMS/ptm/m/n' in size <10.95> not available
(Font)              Font shape `OMS/cmsy/m/n' tried instead on input line 386.
 [1



] [2

]
LaTeX Font Info:    Font shape `OT1/ptm/bx/n' in size <14.4> not available
(Font)              Font shape `OT1/ptm/b/n' tried instead on input line 397.
Missing character: There is no â in font ptmr7t!
Missing character: There is no € in font ptmr7t!
Missing character: There is no “ in font ptmr7t!
 [3


] [4


]
Overfull \hbox (3.63689pt too wide) in paragraph at lines 430--440
[]\OT1/ptm/m/n/12 Disordering a crys-tal (i.e., al-loy-ing, amor-phiza-tion, et
c..) breaks down the phonon
 []


Overfull \hbox (5.06422pt too wide) in paragraph at lines 441--448
[]\OT1/ptm/m/n/12 Why dis-or-dered ma-te-ri-als are im-por-tant... Ther-mal man
-age-ment (i.e., heat spread-
 []

[5] [6] [7] [8


]
LaTeX Font Info:    Font shape `OT1/ptm/bx/n' in size <24.88> not available
(Font)              Font shape `OT1/ptm/b/n' tried instead on input line 469.
 (./cmuthesis_jlarkin.toc [9

] [10] [11]
Overfull \hbox (19.08424pt too wide) in paragraph at lines 88--88
 [][] [][]\OT1/ptm/m/n/12 Case-study(a): Com-piled Lan-guage, Lennard-Jones Ar-
gon Molec- 
 []


Overfull \hbox (7.98383pt too wide) in paragraph at lines 89--89
 [][] [][]\OT1/ptm/m/n/12 Compiled ver-sus In-ter-preted Case-study(b): Lennard
-Jones Dis- 
 []

[12])
\tf@toc=\write4
\openout4 = `cmuthesis_jlarkin.toc'.

 [13] [14

] (./cmuthesis_jlarkin.lof

LaTeX Warning: Reference `E-NMD-E-exp' on page xv undefined on input line 3.


Underfull \vbox (badness 10000) has occurred while \output is active []

 [15]
Underfull \vbox (badness 10000) has occurred while \output is active []

 [16]
Overfull \hbox (10.11963pt too wide) in paragraph at lines 15--15
 \OT1/ptm/m/n/12 amor-phous phases. The amor-phous phase is well-described by a
 mode-independent 
 []

[17]

LaTeX Warning: Command \r invalid in math mode on input line 21.


LaTeX Warning: Command \r invalid in math mode on input line 21.


LaTeX Warning: Command \r invalid in math mode on input line 23.


Overfull \hbox (1.74324pt too wide) in paragraph at lines 23--23
 [][] [][]\OT1/ptm/m/n/12 Longitudinal (left panel) and trans-verse (right pane
l) struc-ture fac-tors [Eq. []] 
 []


Underfull \vbox (badness 10000) has occurred while \output is active []

 [18]
Overfull \hbox (2.41339pt too wide) in paragraph at lines 26--26
 \OT1/ptm/m/n/12 Eq. []. For a-SiO$[]$, the GK-predicted ther-mal con-duc-tiv-i
ty is size-independent, 
 []


Underfull \vbox (badness 10000) has occurred while \output is active []

 [19]
Underfull \vbox (badness 10000) has occurred while \output is active []

 [20]

LaTeX Warning: Reference `E-NMD-E-exp' on page xxi undefined on input line 33.

)
\tf@lof=\write5
\openout5 = `cmuthesis_jlarkin.lof'.

 [21] [22

] (./cmuthesis_jlarkin.lot
Underfull \vbox (badness 10000) has occurred while \output is active []

 [23])
\tf@lot=\write6
\openout6 = `cmuthesis_jlarkin.lot'.


[24] (/home/jason/thesis/thesis/introduction.tex
Chapter 1.
[1


] [2] [3]
Underfull \hbox (badness 10000) in paragraph at lines 226--227
[]\OT1/ptm/m/n/10.95 Empirical
 []


Underfull \hbox (badness 10000) in paragraph at lines 226--227
\OT1/ptm/m/n/10.95 Mod-els,
 []


Underfull \hbox (badness 10000) in paragraph at lines 226--227
\OT1/ptm/m/n/10.95 dis-per-sion
 []


Underfull \hbox (badness 10000) in paragraph at lines 226--227
\OT1/ptm/m/n/10.95 and life-time
 []


Underfull \hbox (badness 10000) in paragraph at lines 226--227
\OT1/ptm/m/n/10.95 mod-els, ex-
 []


Underfull \hbox (badness 10000) in paragraph at lines 226--227
\OT1/ptm/m/n/10.95 per-i-men-tal $\OML/cmm/m/it/10.95 k$
 []


Underfull \hbox (badness 10000) in paragraph at lines 227--228
[]\OT1/ptm/m/n/10.95 Force con-
 []


Underfull \hbox (badness 10000) in paragraph at lines 227--228
\OT1/ptm/m/n/10.95 (classical or
 []


Underfull \hbox (badness 10000) in paragraph at lines 228--229
[]\OT1/ptm/m/n/10.95 Force con-
 []


Underfull \hbox (badness 10000) in paragraph at lines 228--229
\OT1/ptm/m/n/10.95 (classical or
 []


Underfull \hbox (badness 2111) in paragraph at lines 241--242
[]\OT1/ptm/m/n/10.95 Can be nat-u-
 []


Overfull \hbox (1.25896pt too wide) in paragraph at lines 245--246
[]\OT1/ptm/m/n/10.95 Anharmonicity| 
 []


Underfull \hbox (badness 10000) in paragraph at lines 250--251
[]\OT1/ptm/m/n/10.95 Quasi-
 []


Underfull \hbox (badness 10000) in paragraph at lines 253--254
[]\OT1/ptm/m/n/10.95 Bose-Einstein
 []


Underfull \hbox (badness 10000) in paragraph at lines 254--255
[]\OT1/ptm/m/n/10.95 Bose-Einstein
 []


Underfull \hbox (badness 10000) in paragraph at lines 256--257
[]\OT1/ptm/m/n/10.95 Bose-Einstein
 []


Underfull \hbox (badness 10000) in paragraph at lines 260--261
[]\OT1/ptm/m/n/10.95 Low-
 []


Underfull \hbox (badness 10000) in paragraph at lines 261--262
[]\OT1/ptm/m/n/10.95 All-frequency
 []


Underfull \hbox (badness 10000) in paragraph at lines 261--262
\OT1/ptm/m/n/10.95 (crys-tal),
 []


Underfull \hbox (badness 10000) in paragraph at lines 261--262
\OT1/ptm/m/n/10.95 low-frequency
 []


Overfull \hbox (1.5341pt too wide) in paragraph at lines 210--267
[][] 
 []

[4] [5]) (/home/jason/thesis/thesis/sed/sed.tex [6]
Chapter 2.

Overfull \hbox (3.6874pt too wide) in paragraph at lines 5--31
\OT1/ptm/m/n/12 Two frequency-domain meth-ods for pre-dict-ing phonon fre-quen-
cies and life-times us-ing the phonon
 []


Underfull \vbox (badness 10000) has occurred while \output is active []

 [7

]
Underfull \vbox (badness 2302) has occurred while \output is active []

 [8]

Package hyperref Warning: Token not allowed in a PDF string (PDFDocEncoding):
(hyperref)                removing `math shift' on input line 171.


Package hyperref Warning: Token not allowed in a PDF string (PDFDocEncoding):
(hyperref)                removing `\Phi' on input line 171.


Package hyperref Warning: Token not allowed in a PDF string (PDFDocEncoding):
(hyperref)                removing `math shift' on input line 171.


Underfull \vbox (badness 10000) has occurred while \output is active []

 [9]
Underfull \vbox (badness 1062) has occurred while \output is active []

 [10]
[11]

Package hyperref Warning: Token not allowed in a PDF string (PDFDocEncoding):
(hyperref)                removing `math shift' on input line 298.


Package hyperref Warning: Token not allowed in a PDF string (PDFDocEncoding):
(hyperref)                removing `\Phi' on input line 298.


Package hyperref Warning: Token not allowed in a PDF string (PDFDocEncoding):
(hyperref)                removing `math shift' on input line 298.


LaTeX Warning: Reference `E:q_HLD' on page 12 undefined on input line 319.


Underfull \vbox (badness 2856) has occurred while \output is active []

 [12]
Underfull \vbox (badness 1810) has occurred while \output is active []

 [13]
Underfull \vbox (badness 5802) has occurred while \output is active []

 [14]
File: /home/jason/Dropbox/book/m_book_lj_nmd_xcorr_compare_c0_xcorr-5.eps Graph
ic file (type eps)

</home/jason/Dropbox/book/m_book_lj_nmd_xcorr_compare_c0_xcorr-5.eps>
File: /home/jason/Dropbox/book/m_book_lj_nmd_xcorr_compare_c0_sed.eps Graphic f
ile (type eps)

</home/jason/Dropbox/book/m_book_lj_nmd_xcorr_compare_c0_sed.eps>

LaTeX Warning: Reference `E-NMD-E-exp' on page 15 undefined on input line 572.


LaTeX Warning: Reference `E-NMD-E-exp' on page 15 undefined on input line 572.


Overfull \hbox (2.28003pt too wide) detected at line 646
 []
 []


Underfull \vbox (badness 3148) has occurred while \output is active []

 [15]
Underfull \vbox (badness 10000) has occurred while \output is active []

 [16]
[17]

LaTeX Warning: Reference `E-NMD-T-time' on page 18 undefined on input line 739.



LaTeX Warning: Reference `E-NMD-E-time' on page 18 undefined on input line 739.



LaTeX Warning: Reference `E-NMD-E-exp' on page 18 undefined on input line 739.


LaTeX Warning: Reference `E-NMD-E-frequency' on page 18 undefined on input line
 740.

[18]

LaTeX Warning: Command \r invalid in math mode on input line 840.


LaTeX Warning: Command \r invalid in math mode on input line 846.

[19]
File: /home/jason/thesis/thesis/appendix/figure2.eps Graphic file (type eps)
 </home/jason/thesis/thesis/appendix/figure2.eps>
File: /home/jason/thesis/thesis/appendix/figure3_a.eps Graphic file (type eps)

</home/jason/thesis/thesis/appendix/figure3_a.eps>
File: /home/jason/thesis/thesis/appendix/figure3_b.eps Graphic file (type eps)

</home/jason/thesis/thesis/appendix/figure3_b.eps>
File: /home/jason/thesis/thesis/appendix/figure3_c.eps Graphic file (type eps)

</home/jason/thesis/thesis/appendix/figure3_c.eps> [20] [21] [22]

LaTeX Warning: Command \r invalid in math mode on input line 1063.

[23]
File: /home/jason/thesis/thesis/appendix/figure4.eps Graphic file (type eps)
 </home/jason/thesis/thesis/appendix/figure4.eps> [24] [25]
File: /home/jason/thesis/thesis/appendix/figure5.eps Graphic file (type eps)

</home/jason/thesis/thesis/appendix/figure5.eps> [26

]
Underfull \vbox (badness 2012) has occurred while \output is active []

 [27])
(/home/jason/thesis/thesis/vc/vc.tex [28]
Chapter 3.
[29

] [30] [31] [32] [33] [34]
File: /home/jason/disorder/si/si_conv_2x2x2_disorder-4.eps Graphic file (type e
ps)

</home/jason/disorder/si/si_conv_2x2x2_disorder-4.eps>
File: /home/jason/disorder/si/si_conv_2x2x2_perfect-4.eps Graphic file (type ep
s)

</home/jason/disorder/si/si_conv_2x2x2_perfect-4.eps> [35]
File: /home/jason/disorder/paper/vc/fig1.eps Graphic file (type eps)

</home/jason/disorder/paper/vc/fig1.eps>

LaTeX Warning: Command \r invalid in math mode on input line 460.


LaTeX Warning: Command \r invalid in math mode on input line 475.


LaTeX Warning: Command \r invalid in math mode on input line 476.

[36]

LaTeX Warning: Command \r invalid in math mode on input line 488.


Underfull \vbox (badness 10000) has occurred while \output is active []

 [37]
[38]
File: /home/jason/disorder/paper/vc/fig2.eps Graphic file (type eps)
 </home/jason/disorder/paper/vc/fig2.eps> [39] [40] [41

] [42]
File: /home/jason/disorder/paper/vc/fig3.eps Graphic file (type eps)

</home/jason/disorder/paper/vc/fig3.eps> [43] [44] [45

] [46]
File: /home/jason/disorder/paper/vc/fig4.eps Graphic file (type eps)

</home/jason/disorder/paper/vc/fig4.eps> [47] [48] [49

]
Underfull \vbox (badness 1308) has occurred while \output is active []

 [50]
File: /home/jason/disorder/paper/vc/fig5.eps Graphic file (type eps)

</home/jason/disorder/paper/vc/fig5.eps> [51] [52]
Underfull \vbox (badness 10000) has occurred while \output is active []

 [53

]
File: /home/jason/disorder/paper/vc/fig6.eps Graphic file (type eps)

</home/jason/disorder/paper/vc/fig6.eps> [54] [55]
Underfull \vbox (badness 10000) has occurred while \output is active []

 [56

]
Overfull \hbox (15.58669pt too wide) in paragraph at lines 1259--1265
[]\OT1/ptm/m/n/12 The ther-mal con-duc-tiv-i-ties pre-dicted by VC-NMD, VC-ALD,
 and GK are sys-tem size-dependent
 []


Underfull \vbox (badness 10000) has occurred while \output is active []

 [57]
Overfull \hbox (8.2048pt too wide) in paragraph at lines 1328--1341
[]\OT1/ptm/m/n/12 By ap-ply-ing the high-scatter limit ad-just-ment VC-ALD$[]$,
 the ther-mal con-duc-tiv-i-ties are brought
 []

[58]
File: /home/jason/disorder/paper/vc/fig7.eps Graphic file (type eps)
 </home/jason/disorder/paper/vc/fig7.eps> [59] [60]
Underfull \vbox (badness 5359) has occurred while \output is active []

 [61

]
File: /home/jason/disorder/paper/vc/fig8.eps Graphic file (type eps)

</home/jason/disorder/paper/vc/fig8.eps>
File: /home/jason/disorder/paper/vc/fig9.eps Graphic file (type eps)

</home/jason/disorder/paper/vc/fig9.eps> [62] [63] [64]
Overfull \hbox (6.88658pt too wide) in paragraph at lines 1696--1718
[]\OT1/ptm/m/n/12 LJ ar-gon is a ma-te-rial whose ther-mal trans-port has sig-n
if-i-cant con-tri-bu-tion from high-frequency
 []


Underfull \vbox (badness 2302) has occurred while \output is active []

 [65

]
File: /home/jason/disorder/paper/vc/fig10.eps Graphic file (type eps)

</home/jason/disorder/paper/vc/fig10.eps>)
(/home/jason/thesis/thesis/mfp/mfp.tex [66] [67] [68

]
Chapter 4.
[69] [70]
Underfull \vbox (badness 10000) has occurred while \output is active []

 [71]
Underfull \vbox (badness 3179) has occurred while \output is active []

 [72]
Overfull \hbox (4.81833pt too wide) in paragraph at lines 308--314
\OT1/ptm/m/n/12 where $\U/msb/m/n/12 ~$ \OT1/ptm/m/n/12 is the Planck constant.
[[]] The quan-tum spe-cific heat will be used for the non-propagating
 []


Underfull \vbox (badness 10000) has occurred while \output is active []

 [73]
Underfull \vbox (badness 10000) has occurred while \output is active []

 [74]

LaTeX Warning: Command \r invalid in math mode on input line 431.


LaTeX Warning: Command \r invalid in math mode on input line 432.


LaTeX Warning: Command \r invalid in math mode on input line 435.


LaTeX Warning: Command \r invalid in math mode on input line 436.


LaTeX Warning: Command \r invalid in math mode on input line 464.

[75]
File: /home/jason/disorder/si/amor/a288_init216_20s_3.eps Graphic file (type ep
s)
 </home/jason/disorder/si/amor/a288_init216_20s_3.eps>

LaTeX Warning: Command \r invalid in math mode on input line 498.


LaTeX Warning: Command \r invalid in math mode on input line 498.


LaTeX Warning: Command \r invalid in math mode on input line 498.


LaTeX Warning: Command \r invalid in math mode on input line 498.


Underfull \vbox (badness 10000) has occurred while \output is active []

 [76]
Underfull \vbox (badness 5954) has occurred while \output is active []

 [77]
File: /home/jason/disorder/si/amor/m_af_si_normand_4096_DOS_3.eps Graphic file 
(type eps)

</home/jason/disorder/si/amor/m_af_si_normand_4096_DOS_3.eps> [78]
Underfull \vbox (badness 10000) has occurred while \output is active []

 [79]

LaTeX Warning: Command \r invalid in math mode on input line 701.


LaTeX Warning: Command \r invalid in math mode on input line 708.


Underfull \vbox (badness 10000) has occurred while \output is active []

 [80]
File: /home/jason/disorder/si/amor/m_af_si_normand_4096_disp_sio2_2.eps Graphic
 file (type eps)

</home/jason/disorder/si/amor/m_af_si_normand_4096_disp_sio2_2.eps>
File: /home/jason/disorder/si/amor/m_af_si_normand_4096_disp_si.eps Graphic fil
e (type eps)

</home/jason/disorder/si/amor/m_af_si_normand_4096_disp_si.eps>

LaTeX Warning: Command \r invalid in math mode on input line 767.


LaTeX Warning: Command \r invalid in math mode on input line 767.


Underfull \vbox (badness 10000) has occurred while \output is active []

 [81]
Underfull \vbox (badness 10000) has occurred while \output is active []

 [82]
[83]
Missing character: There is no Â in font cmr12!
Missing character: There is no ­ in font cmr12!

Underfull \vbox (badness 10000) has occurred while \output is active []

 [84]
Underfull \vbox (badness 10000) has occurred while \output is active []

 [85]
Underfull \vbox (badness 10000) has occurred while \output is active []

 [86]
File: /home/jason/disorder/si/amor/m_af_si_normand_4096_tau_2.eps Graphic file 
(type eps)

</home/jason/disorder/si/amor/m_af_si_normand_4096_tau_2.eps> [87] [88]
[89]
File: /home/jason/disorder/si/amor/m_af_si_normand_4096_D_4.eps Graphic file (t
ype eps)
 </home/jason/disorder/si/amor/m_af_si_normand_4096_D_4.eps> [90] [91]
[92]
File: /home/jason/disorder/si/amor/m_af_si_normand_4096_gk_cond_4.eps Graphic f
ile (type eps)
 </home/jason/disorder/si/amor/m_af_si_normand_4096_gk_cond_4.eps>
Underfull \vbox (badness 1874) has occurred while \output is active []

 [93]
Underfull \vbox (badness 1521) has occurred while \output is active []

 [94]
Underfull \vbox (badness 10000) has occurred while \output is active []

 [95]
[96]
File: /home/jason/disorder/si/amor/m_af_si_normand_4096_kLamba_7_sio2_2.eps Gra
phic file (type eps)
 </home/jason/disorder/si/amor/m_af_si_normand_4096_kLamba_7_sio2_2.eps>
File: /home/jason/disorder/si/amor/m_af_si_normand_4096_kLamba_7_si.eps Graphic
 file (type eps)

</home/jason/disorder/si/amor/m_af_si_normand_4096_kLamba_7_si.eps>
Underfull \vbox (badness 10000) has occurred while \output is active []

 [97]
[98]
Underfull \vbox (badness 2302) has occurred while \output is active []

 [99])
(./conclusion.tex [100]
Chapter 5.
Missing character: There is no Â in font ptmr7t!
Missing character: There is no   in font ptmr7t!
[101

]
Underfull \vbox (badness 10000) has occurred while \output is active []

 [102]
Underfull \vbox (badness 10000) has occurred while \output is active []

 [103]
[104] [105] [106]) (/home/jason/thesis/thesis/appendix/appendix.tex
(/home/jason/thesis/thesis/appendix/appendix_sed.tex [107] [108

]
Appendix A.

Overfull \hbox (64.73549pt too wide) in paragraph at lines 8--8
[][] \OT1/ptm/b/n/17.28 Deriva-tion of Phonon Spec-tral En-ergy Den-sity, $\OT1
/cmr/m/n/17.28 ^^H$ \OT1/ptm/b/n/17.28 (WORK,READ) 
 []


Package hyperref Warning: Token not allowed in a PDF string (PDFDocEncoding):
(hyperref)                removing `math shift' on input line 8.


Package hyperref Warning: Token not allowed in a PDF string (PDFDocEncoding):
(hyperref)                removing `\Phi' on input line 8.


Package hyperref Warning: Token not allowed in a PDF string (PDFDocEncoding):
(hyperref)                removing `math shift' on input line 8.


Underfull \vbox (badness 10000) has occurred while \output is active []

 [109]
Underfull \vbox (badness 10000) has occurred while \output is active []

 [110]
Underfull \vbox (badness 10000) has occurred while \output is active []

 [111]
Underfull \vbox (badness 10000) has occurred while \output is active []

 [112]

Package hyperref Warning: Token not allowed in a PDF string (PDFDocEncoding):
(hyperref)                removing `math shift' on input line 235.


Package hyperref Warning: Token not allowed in a PDF string (PDFDocEncoding):
(hyperref)                removing `\Phi' on input line 235.


Package hyperref Warning: Token not allowed in a PDF string (PDFDocEncoding):
(hyperref)                removing `math shift' on input line 235.


Underfull \vbox (badness 10000) has occurred while \output is active []

 [113]
Underfull \vbox (badness 10000) has occurred while \output is active []

 [114]
[115]
File: /home/jason/thesis/thesis/table3-unitcell1.eps Graphic file (type eps)
 </home/jason/thesis/thesis/table3-unitcell1.eps>
File: /home/jason/thesis/thesis/table3-unitcell4.eps Graphic file (type eps)

</home/jason/thesis/thesis/table3-unitcell4.eps>
File: /home/jason/thesis/thesis/table3-bz1.eps Graphic file (type eps)

</home/jason/thesis/thesis/table3-bz1.eps>
File: /home/jason/thesis/thesis/table3-bz4.eps Graphic file (type eps)

</home/jason/thesis/thesis/table3-bz4.eps>

LaTeX Warning: `h' float specifier changed to `ht'.

[116] [117]

LaTeX Warning: Reference `S-NMDformulation' on page 118 undefined on input line
 502.


LaTeX Warning: Reference `S-workflow' on page 118 undefined on input line 503.


Overfull \hbox (9.75847pt too wide) in paragraph at lines 501--513
\OT1/ptm/m/n/12 Having de-scribed the nor-mal mode de-com-po-si-tion the-o-ret-
i-cal ap-proach and com-pu-ta-tional method-
 []

[118]
File: /home/jason/Dropbox/book/m_book_lj_disp_dos_vg_prim_novg-2.eps Graphic fi
le (type eps)
 </home/jason/Dropbox/book/m_book_lj_disp_dos_vg_prim_novg-2.eps>
File: /home/jason/Dropbox/book/m_book_lj_disp_dos_vg_conv_novg-2.eps Graphic fi
le (type eps)

</home/jason/Dropbox/book/m_book_lj_disp_dos_vg_conv_novg-2.eps>
Overfull \hbox (5.01877pt too wide) in paragraph at lines 551--562
 [] 
 []


Overfull \hbox (5.01877pt too wide) in paragraph at lines 551--562
 [] 
 []

[119]
File: /home/jason/Dropbox/book/m_book_lj_nmd_prim_conv_compare-2.eps Graphic fi
le (type eps)
 </home/jason/Dropbox/book/m_book_lj_nmd_prim_conv_compare-2.eps>

LaTeX Warning: Reference `S-alloy' on page 120 undefined on input line 604.


LaTeX Warning: Reference `S-amorphous' on page 120 undefined on input line 604.



LaTeX Warning: Reference `E-kBTE' on page 120 undefined on input line 618.

[120]
File: /home/jason/Dropbox/book/m_book_cond_extrap_c0-3_boxon.eps Graphic file (
type eps)
 </home/jason/Dropbox/book/m_book_cond_extrap_c0-3_boxon.eps>

LaTeX Warning: Reference `S-crystal' on page 121 undefined on input line 675.

[121] [122]

LaTeX Warning: Reference `E-NMD-E-exp' on page 123 undefined on input line 748.


File: /home/jason/Dropbox/book/m_book_lj_nmd_xcorr_compare_c0_c05_c5_sed.eps Gr
aphic file (type eps)
</home/jason/Dropbox/book/m_book_lj_nmd_xcorr_compare_c0_c05_c5_sed.eps>
File: /home/jason/Dropbox/book/m_book_lj_nmd_xcorr_compare_c5_xcorr.eps Graphic
 file (type eps)

</home/jason/Dropbox/book/m_book_lj_nmd_xcorr_compare_c5_xcorr.eps>

LaTeX Warning: Reference `E-NMD-E-exp' on page 123 undefined on input line 788.



LaTeX Warning: Reference `E-NMD-E-exp' on page 123 undefined on input line 788.


[123]

LaTeX Warning: Reference `E-NMD-E-exp' on page 124 undefined on input line 827.


File: /home/jason/Dropbox/book/m_nmd_xcorr_fit_lj_plot-2.eps Graphic file (type
 eps)
</home/jason/Dropbox/book/m_nmd_xcorr_fit_lj_plot-2.eps>
Overfull \hbox (10.03752pt too wide) in paragraph at lines 848--851
 [] 
 []

File: /home/jason/Dropbox/book/m_lj_nmd_c0_amor_life.eps Graphic file (type eps
)
</home/jason/Dropbox/book/m_lj_nmd_c0_amor_life.eps>

LaTeX Warning: `h' float specifier changed to `ht'.

[124] [125] [126] [127] [128] [129]
File: /home/jason/thesis/thesis/appendix/LJ_NMD_SED_COND_2.eps Graphic file (ty
pe eps)

</home/jason/thesis/thesis/appendix/LJ_NMD_SED_COND_2.eps> [130

] [131])
(/home/jason/thesis/thesis/appendix/appendix_computing.tex [132


]
Appendix B.

Overfull \hbox (63.6717pt too wide) in paragraph at lines 76--94
[]\OT1/ptm/m/n/12 There are many op-tions for in-stalling Ubuntu and the in-str
uc-tions can be found on [][]http://www.ubuntu.com/[][][].
 []

[133] [134]
Underfull \vbox (badness 10000) has occurred while \output is active []

 [135]
[136] [137] [138]
LaTeX Font Info:    Try loading font information for OML+ptm on input line 409.

 (/usr/share/texlive/texmf-dist/tex/latex/psnfss/omlptm.fd
File: omlptm.fd 
)
LaTeX Font Info:    Font shape `OML/ptm/m/n' in size <10> not available
(Font)              Font shape `OML/cmm/m/it' tried instead on input line 409.

[139]
LaTeX Font Info:    Font shape `OT1/ptm/bx/n' in size <10> not available
(Font)              Font shape `OT1/ptm/b/n' tried instead on input line 471.
 [140] [141]
LaTeX Font Info:    Font shape `OMS/ptm/m/n' in size <10> not available
(Font)              Font shape `OMS/cmsy/m/n' tried instead on input line 531.
 [142] [143]

Package hyperref Warning: Empty destination name,
(hyperref)                using `UNDEFINED' on input line 753.

[144]
Overfull \hbox (89.6864pt too wide) in paragraph at lines 827--865
[][][]\OT1/ptm/m/n/12 Alan Mc-Gaughey[][][], [][]Jon Malen[][][], [][]Ju-lian G
ale[][][] [][](GULP au-thor)[][][], [][]Keivan Es-far-jani[][][], nor-mand.mous
seau@umontreal.ca,
 []


Overfull \hbox (6.50656pt too wide) in paragraph at lines 827--865
\OT1/ptm/m/n/12 guido.raos@polimi.it, [][]Joseph Feld-man[][][], [][]Junchiro S
h-iomi[][][], [][]Da-vide Dona-dio[][][], [][]Craig Mal-oney[][][], [][]Jivtesh

 []

[145])) [146] (./cmuthesis_jlarkin.bbl (./cmuthesis_jlarkin.brf)
\tf@brf=\write7
\openout7 = `cmuthesis_jlarkin.brf'.

Missing character: There is no â in font ptmr7t!
Missing character: There is no € in font ptmr7t!
Missing character: There is no “ in font ptmr7t!
Missing character: There is no â in font ptmr7t!
Missing character: There is no € in font ptmr7t!
Missing character: There is no “ in font ptmr7t!
Missing character: There is no â in font ptmr7t!
Missing character: There is no € in font ptmr7t!
Missing character: There is no “ in font ptmr7t!
Missing character: There is no â in font ptmr7t!
Missing character: There is no € in font ptmr7t!
Missing character: There is no “ in font ptmr7t!

Underfull \vbox (badness 10000) has occurred while \output is active []

 [147


]
Missing character: There is no â in font ptmr7t!
Missing character: There is no € in font ptmr7t!
Missing character: There is no “ in font ptmr7t!
Missing character: There is no â in font ptmr7t!
Missing character: There is no € in font ptmr7t!
Missing character: There is no “ in font ptmr7t!
Missing character: There is no â in font ptmr7t!
Missing character: There is no € in font ptmr7t!
Missing character: There is no “ in font ptmr7t!
Missing character: There is no â in font ptmr7t!
Missing character: There is no € in font ptmr7t!
Missing character: There is no “ in font ptmr7t!
LaTeX Font Info:    Font shape `OMS/ptm/m/n' in size <12> not available
(Font)              Font shape `OMS/cmsy/m/n' tried instead on input line 76.
Missing character: There is no â in font ptmr7t!
Missing character: There is no € in font ptmr7t!
Missing character: There is no “ in font ptmr7t!

Underfull \hbox (badness 6141) in paragraph at lines 76--76
[]\OT1/ptm/m/n/12 D. G. Cahill, M. Kati-yar, and J. R. Abel-son.  Ther-mal con-
duc-tiv-ity of
 []

Missing character: There is no â in font ptmr7t!
Missing character: There is no € in font ptmr7t!
Missing character: There is no “ in font ptmr7t!

Underfull \vbox (badness 10000) has occurred while \output is active []

 [148]
Missing character: There is no â in font ptmr7t!
Missing character: There is no € in font ptmr7t!
Missing character: There is no “ in font ptmr7t!

Underfull \vbox (badness 10000) has occurred while \output is active []

 [149]
Missing character: There is no â in font ptmr7t!
Missing character: There is no € in font ptmr7t!
Missing character: There is no “ in font ptmr7t!

Underfull \vbox (badness 10000) has occurred while \output is active []

 [150]
Missing character: There is no â in font ptmr7t!
Missing character: There is no € in font ptmr7t!
Missing character: There is no “ in font ptmr7t!

Underfull \hbox (badness 1389) in paragraph at lines 195--195
[]\OT1/ptm/m/n/12 Daniel Charles Mat-tis.  Phonon free path in an iso-topic mix
-ture.  \OT1/ptm/m/it/12 Phys. Rev.\OT1/ptm/m/n/12 ,
 []

Missing character: There is no â in font ptmr7t!
Missing character: There is no € in font ptmr7t!
Missing character: There is no “ in font ptmr7t!
Missing character: There is no â in font ptmr7t!
Missing character: There is no € in font ptmr7t!
Missing character: There is no “ in font ptmr7t!

Underfull \hbox (badness 10000) in paragraph at lines 206--206
[]\OT1/ptm/m/n/12 W. A. Kami-taka-hara and B. N. Brock-house.  Vi-
 []


Underfull \hbox (badness 10000) in paragraph at lines 206--206
\OT1/ptm/m/n/12 bra-tions of a mixed crys-tal: Neu-tron scat-ter-ing from
 []

Missing character: There is no â in font ptmr7t!
Missing character: There is no € in font ptmr7t!
Missing character: There is no “ in font ptmr7t!
Missing character: There is no â in font ptmr7t!
Missing character: There is no € in font ptmr7t!
Missing character: There is no “ in font ptmr7t!

Underfull \hbox (badness 10000) in paragraph at lines 232--232
[]\OT1/ptm/m/n/12 David G. Cahill and Fu-miya Watan-abe.  Ther-mal con-duc-tiv-

 []


Underfull \hbox (badness 10000) in paragraph at lines 232--232
\OT1/ptm/m/n/12 ity of iso-topi-cally pure and ge-doped si epi-tax-ial lay-ers 
from
 []


Overfull \hbox (1613.11563pt too wide) in paragraph at lines 232--232
\OT1/ptm/m/n/12 $300\OMS/cmsy/m/n/12 n\OT1/ptm/m/n/12 textbackslashtextbackslas
htextbackslashphantom\OMS/cmsy/m/n/12 n\OT1/ptm/m/n/12 textbackslashtextbacksla
shtextbackslashrule0.3em0ex\OMS/cmsy/m/n/12 n\OT1/ptm/m/n/12 textbackslashtextb
ackslashtextbackslashtextto\OMS/cmsy/m/n/12 n\OT1/ptm/m/n/12 textbackslashtextb
ackslashtextbackslashphantom\OMS/cmsy/m/n/12 n\OT1/ptm/m/n/12 textbackslashtext
backslashtextbackslashrule0.3em0ex550\OMS/cmsy/m/n/12 n\OT1/ptm/m/n/12 textback
slashtextbackslashtextbackslashphantom\OMS/cmsy/m/n/12 n\OT1/ptm/m/n/12 textbac
kslashtextbackslashtextbackslashrule0.3em0ex\OMS/cmsy/m/n/12 n\OT1/ptm/m/n/12 t
extbackslashtextbackslashtextbackslashmathrmK$.
 []


Underfull \vbox (badness 10000) has occurred while \output is active []

 [151]
Missing character: There is no â in font ptmr7t!
Missing character: There is no € in font ptmr7t!
Missing character: There is no “ in font ptmr7t!
Missing character: There is no â in font ptmr7t!
Missing character: There is no € in font ptmr7t!
Missing character: There is no “ in font ptmr7t!
Missing character: There is no â in font ptmr7t!
Missing character: There is no € in font ptmr7t!
Missing character: There is no “ in font ptmr7t!
Missing character: There is no â in font ptmr7t!
Missing character: There is no € in font ptmr7t!
Missing character: There is no “ in font ptmr7t!
Missing character: There is no â in font ptmr7t!
Missing character: There is no € in font ptmr7t!
Missing character: There is no “ in font ptmr7t!

Underfull \vbox (badness 10000) has occurred while \output is active []

 [152]
Missing character: There is no â in font ptmr7t!
Missing character: There is no € in font ptmr7t!
Missing character: There is no “ in font ptmr7t!
Missing character: There is no â in font ptmr7t!
Missing character: There is no € in font ptmr7t!
Missing character: There is no “ in font ptmr7t!
Missing character: There is no â in font ptmr7t!
Missing character: There is no € in font ptmr7t!
Missing character: There is no “ in font ptmr7t!
Missing character: There is no â in font ptmr7t!
Missing character: There is no € in font ptmr7t!
Missing character: There is no “ in font ptmr7t!
Missing character: There is no â in font ptmr7t!
Missing character: There is no € in font ptmr7t!
Missing character: There is no “ in font ptmr7t!
Missing character: There is no â in font ptmr7t!
Missing character: There is no € in font ptmr7t!
Missing character: There is no “ in font ptmr7t!

Underfull \vbox (badness 10000) has occurred while \output is active []

 [153]
Missing character: There is no â in font ptmr7t!
Missing character: There is no € in font ptmr7t!
Missing character: There is no “ in font ptmr7t!
Missing character: There is no â in font ptmr7t!
Missing character: There is no € in font ptmr7t!
Missing character: There is no “ in font ptmr7t!

Underfull \vbox (badness 10000) has occurred while \output is active []

 [154]
Missing character: There is no â in font ptmr7t!
Missing character: There is no € in font ptmr7t!
Missing character: There is no “ in font ptmr7t!
Missing character: There is no â in font ptmr7t!
Missing character: There is no € in font ptmr7t!
Missing character: There is no “ in font ptmr7t!
Missing character: There is no â in font ptmr7t!
Missing character: There is no € in font ptmr7t!
Missing character: There is no “ in font ptmr7t!
Missing character: There is no â in font ptmr7t!
Missing character: There is no € in font ptmr7t!
Missing character: There is no “ in font ptmr7t!

Underfull \vbox (badness 10000) has occurred while \output is active []

 [155]
Underfull \hbox (badness 2005) in paragraph at lines 459--459
[]\OT1/ptm/m/n/12 Bo Qiu, Hua Bao, Gengqiang Zhang, Yue Wub, and Xi-ulin Ruan. 
 Molec-u-
 []


Underfull \hbox (badness 1400) in paragraph at lines 459--459
\OT1/ptm/m/n/12 free path of PbTe: bulk and nanos-truc-tures.  \OT1/ptm/m/it/12
 Com-pu-ta-tional Ma-te-ri-als Sci-ence\OT1/ptm/m/n/12 ,
 []

Missing character: There is no â in font ptmr7t!
Missing character: There is no € in font ptmr7t!
Missing character: There is no “ in font ptmr7t!

Underfull \vbox (badness 10000) has occurred while \output is active []

 [156]
Missing character: There is no â in font ptmr7t!
Missing character: There is no € in font ptmr7t!
Missing character: There is no “ in font ptmr7t!
Missing character: There is no â in font ptmr7t!
Missing character: There is no € in font ptmr7t!
Missing character: There is no “ in font ptmr7t!
Missing character: There is no â in font ptmr7t!
Missing character: There is no € in font ptmr7t!
Missing character: There is no “ in font ptmr7t!
Missing character: There is no â in font ptmr7t!
Missing character: There is no € in font ptmr7t!
Missing character: There is no “ in font ptmr7t!
Missing character: There is no â in font ptmr7t!
Missing character: There is no € in font ptmr7t!
Missing character: There is no “ in font ptmr7t!
Missing character: There is no â in font ptmr7t!
Missing character: There is no € in font ptmr7t!
Missing character: There is no “ in font ptmr7t!

Underfull \vbox (badness 10000) has occurred while \output is active []

 [157]
Missing character: There is no â in font ptmr7t!
Missing character: There is no € in font ptmr7t!
Missing character: There is no “ in font ptmr7t!
Missing character: There is no â in font ptmr7t!
Missing character: There is no € in font ptmr7t!
Missing character: There is no “ in font ptmr7t!
Missing character: There is no â in font ptmr7t!
Missing character: There is no € in font ptmr7t!
Missing character: There is no “ in font ptmr7t!
Missing character: There is no â in font ptmr7t!
Missing character: There is no € in font ptmr7t!
Missing character: There is no “ in font ptmr7t!
Missing character: There is no â in font ptmr7t!
Missing character: There is no € in font ptmr7t!
Missing character: There is no “ in font ptmr7t!
Missing character: There is no â in font ptmr7t!
Missing character: There is no € in font ptmr7t!
Missing character: There is no “ in font ptmr7t!
Missing character: There is no â in font ptmr7t!
Missing character: There is no € in font ptmr7t!
Missing character: There is no “ in font ptmr7t!

Underfull \vbox (badness 10000) has occurred while \output is active []

 [158]
Missing character: There is no Ã in font ptmr7t!
Missing character: There is no ¶ in font ptmr7t!

Underfull \hbox (badness 1097) in paragraph at lines 603--603
[]\OT1/ptm/m/n/12 Gabriele C. Sosso, Da-vide Dona-dio, Se-bas-tiano Car-a-vati,
 Jrg Behler, and Marco
 []

Missing character: There is no â in font ptmr7t!
Missing character: There is no € in font ptmr7t!
Missing character: There is no “ in font ptmr7t!
Missing character: There is no â in font ptmr7t!
Missing character: There is no € in font ptmr7t!
Missing character: There is no “ in font ptmr7t!
Missing character: There is no â in font ptmr7t!
Missing character: There is no € in font ptmr7t!
Missing character: There is no “ in font ptmr7t!
Missing character: There is no â in font ptmr7t!
Missing character: There is no € in font ptmr7t!
Missing character: There is no “ in font ptmr7t!

Underfull \vbox (badness 10000) has occurred while \output is active []

 [159]
Missing character: There is no â in font ptmr7t!
Missing character: There is no € in font ptmr7t!
Missing character: There is no “ in font ptmr7t!

Underfull \vbox (badness 10000) has occurred while \output is active []

 [160]
Missing character: There is no â in font ptmr7t!
Missing character: There is no € in font ptmr7t!
Missing character: There is no “ in font ptmr7t!
Missing character: There is no â in font ptmr7t!
Missing character: There is no € in font ptmr7t!
Missing character: There is no “ in font ptmr7t!

Underfull \vbox (badness 10000) has occurred while \output is active []

 [161]
Missing character: There is no â in font ptmr7t!
Missing character: There is no € in font ptmr7t!
Missing character: There is no “ in font ptmr7t!
Missing character: There is no â in font ptmr7t!
Missing character: There is no € in font ptmr7t!
Missing character: There is no “ in font ptmr7t!
Missing character: There is no â in font ptmr7t!
Missing character: There is no € in font ptmr7t!
Missing character: There is no “ in font ptmr7t!
Missing character: There is no â in font ptmr7t!
Missing character: There is no € in font ptmr7t!
Missing character: There is no “ in font ptmr7t!
Missing character: There is no â in font ptmr7t!
Missing character: There is no € in font ptmr7t!
Missing character: There is no “ in font ptmr7t!

Underfull \vbox (badness 10000) has occurred while \output is active []

 [162]
Missing character: There is no â in font ptmr7t!
Missing character: There is no € in font ptmr7t!
Missing character: There is no “ in font ptmr7t!

Underfull \vbox (badness 10000) has occurred while \output is active []

 [163]
Missing character: There is no â in font ptmr7t!
Missing character: There is no € in font ptmr7t!
Missing character: There is no “ in font ptmr7t!
Missing character: There is no â in font ptmr7t!
Missing character: There is no € in font ptmr7t!
Missing character: There is no “ in font ptmr7t!
Missing character: There is no â in font ptmr7t!
Missing character: There is no € in font ptmr7t!
Missing character: There is no “ in font ptmr7t!
Missing character: There is no Ã in font ptmr7t!
Missing character: There is no ¶ in font ptmr7t!
Missing character: There is no â in font ptmr7t!
Missing character: There is no € in font ptmr7t!
Missing character: There is no “ in font ptmr7t!
Missing character: There is no â in font ptmr7t!
Missing character: There is no € in font ptmr7t!
Missing character: There is no “ in font ptmr7t!
Missing character: There is no Ã in font ptmr7t!
Missing character: There is no ¶ in font ptmr7t!
Missing character: There is no â in font ptmr7t!
Missing character: There is no € in font ptmr7t!
Missing character: There is no “ in font ptmr7t!
Missing character: There is no â in font ptmr7t!
Missing character: There is no € in font ptmr7t!
Missing character: There is no “ in font ptmr7t!
Missing character: There is no Ã in font ptmr7t!
Missing character: There is no © in font ptmr7t!

Underfull \vbox (badness 10000) has occurred while \output is active []

 [164]
Missing character: There is no â in font ptmr7t!
Missing character: There is no € in font ptmr7t!
Missing character: There is no “ in font ptmr7t!
Missing character: There is no Ã in font ptmr7t!
Missing character: There is no © in font ptmr7t!
Missing character: There is no â in font ptmr7t!
Missing character: There is no € in font ptmr7t!
Missing character: There is no “ in font ptmr7t!
Missing character: There is no â in font ptmr7t!
Missing character: There is no € in font ptmr7t!
Missing character: There is no “ in font ptmr7t!
Missing character: There is no â in font ptmr7t!
Missing character: There is no € in font ptmr7t!
Missing character: There is no “ in font ptmr7t!

Underfull \vbox (badness 10000) has occurred while \output is active []

 [165]
Missing character: There is no â in font ptmr7t!
Missing character: There is no € in font ptmr7t!
Missing character: There is no “ in font ptmr7t!
Missing character: There is no â in font ptmr7t!
Missing character: There is no € in font ptmr7t!
Missing character: There is no “ in font ptmr7t!
Missing character: There is no â in font ptmr7t!
Missing character: There is no € in font ptmr7t!
Missing character: There is no “ in font ptmr7t!

Underfull \vbox (badness 10000) has occurred while \output is active []

 [166]
Missing character: There is no â in font ptmr7t!
Missing character: There is no € in font ptmr7t!
Missing character: There is no “ in font ptmr7t!
Missing character: There is no â in font ptmr7t!
Missing character: There is no € in font ptmr7t!
Missing character: There is no ” in font ptmr7t!

Underfull \vbox (badness 10000) has occurred while \output is active []

 [167]
Missing character: There is no â in font ptmr7t!
Missing character: There is no € in font ptmr7t!
Missing character: There is no “ in font ptmr7t!
Missing character: There is no Ã in font ptmr7t!
Missing character: There is no ¼ in font ptmr7t!
Missing character: There is no â in font ptmr7t!
Missing character: There is no € in font ptmr7t!
Missing character: There is no “ in font ptmr7t!
Missing character: There is no â in font ptmr7t!
Missing character: There is no € in font ptmr7t!
Missing character: There is no “ in font ptmr7t!
Missing character: There is no â in font ptmr7t!
Missing character: There is no € in font ptmr7t!
Missing character: There is no “ in font ptmr7t!
Missing character: There is no â in font ptmr7t!
Missing character: There is no € in font ptmr7t!
Missing character: There is no “ in font ptmr7t!
Missing character: There is no â in font ptmr7t!
Missing character: There is no € in font ptmr7t!
Missing character: There is no “ in font ptmr7t!
Missing character: There is no â in font ptmr7t!
Missing character: There is no € in font ptmr7t!
Missing character: There is no “ in font ptmr7t!

Underfull \vbox (badness 10000) has occurred while \output is active []

 [168])
Package atveryend Info: Empty hook `BeforeClearDocument' on input line 569.

[169]
Package atveryend Info: Empty hook `AfterLastShipout' on input line 569.
 (./cmuthesis_jlarkin.aux)
Package atveryend Info: Empty hook `AtVeryEndDocument' on input line 569.
Package atveryend Info: Executing hook `AtEndAfterFileList' on input line 569.
Package rerunfilecheck Info: File `cmuthesis_jlarkin.out' has not changed.
(rerunfilecheck)             Checksum: A7A090C92B3131275EBA3F936FA77C6C;9246.
Package rerunfilecheck Info: File `cmuthesis_jlarkin.brf' has not changed.
(rerunfilecheck)             Checksum: EAF168AD102D182D851A71DA7666876C;64934.


LaTeX Warning: There were undefined references.


LaTeX Warning: There were multiply-defined labels.

Package atveryend Info: Empty hook `AtVeryVeryEnd' on input line 569.
 ) 
Here is how much of TeX's memory you used:
 10265 strings out of 495060
 161312 string characters out of 3182053
 352903 words of memory out of 3000000
 13218 multiletter control sequences out of 15000+200000
 32358 words of font info for 103 fonts, out of 3000000 for 9000
 14 hyphenation exceptions out of 8191
 40i,27n,49p,1450b,1685s stack positions out of 5000i,500n,10000p,200000b,50000s

Output written on cmuthesis_jlarkin.dvi (193 pages, 1249000 bytes).
